---------------------------------------------------------------
[ 2020-09-26T10:58:40+08:00 ] 127.0.0.1 GET www.2009_xicheng.com/mini/menu_api/menu_cate_list
[运行时间：2.097660s] [吞吐率：0.48req/s] [内存消耗：2,646.83kb] [文件加载：64]
[ info ] [ LANG ] D:\phpStudy\PHPTutorial\WWW\2009_xicheng\thinkphp/lang/zh-cn.php
[ info ] [ ROUTE ] array (
  'type' => 'module',
  'module' => 
  array (
    0 => 'mini',
    1 => 'menu_api',
    2 => 'menu_cate_list',
  ),
)
[ info ] [ HEADER ] array (
  'connection' => 'close',
  'accept-encoding' => 'gzip, deflate, br',
  'host' => 'www.2009_xicheng.com',
  'postman-token' => '5605628b-3bb3-4851-b47b-f111403e14dd',
  'cache-control' => 'no-cache',
  'accept' => '*/*',
  'user-agent' => 'PostmanRuntime/7.26.5',
)
[ info ] [ PARAM ] array (
)
[ info ] [ CACHE ] INIT File
[ info ] [ DB ] INIT mysql
[ info ] [ RUN ] app\mini\controller\MenuApi->menu_cate_list[ D:\phpStudy\PHPTutorial\WWW\2009_xicheng\application\mini\controller\MenuApi.php ]
[ info ] [ LOG ] INIT File
---------------------------------------------------------------
[ 2020-09-26T10:59:21+08:00 ] 127.0.0.1 GET www.2009_xicheng.com/mini/menu_api/menu_cate_list
[运行时间：2.130119s] [吞吐率：0.47req/s] [内存消耗：2,646.84kb] [文件加载：64]
[ info ] [ LANG ] D:\phpStudy\PHPTutorial\WWW\2009_xicheng\thinkphp/lang/zh-cn.php
[ info ] [ ROUTE ] array (
  'type' => 'module',
  'module' => 
  array (
    0 => 'mini',
    1 => 'menu_api',
    2 => 'menu_cate_list',
  ),
)
[ info ] [ HEADER ] array (
  'connection' => 'close',
  'accept-encoding' => 'gzip, deflate, br',
  'host' => 'www.2009_xicheng.com',
  'postman-token' => 'b1270d90-0788-4754-b53c-226a6841896a',
  'cache-control' => 'no-cache',
  'accept' => '*/*',
  'user-agent' => 'PostmanRuntime/7.26.5',
)
[ info ] [ PARAM ] array (
)
[ info ] [ CACHE ] INIT File
[ info ] [ DB ] INIT mysql
[ info ] [ RUN ] app\mini\controller\MenuApi->menu_cate_list[ D:\phpStudy\PHPTutorial\WWW\2009_xicheng\application\mini\controller\MenuApi.php ]
[ info ] [ LOG ] INIT File
---------------------------------------------------------------
[ 2020-09-26T18:24:29+08:00 ] 127.0.0.1 GET www.2009_xicheng.com/admin/index/index.html
[运行时间：0.060470s] [吞吐率：16.54req/s] [内存消耗：2,025.87kb] [文件加载：55]
[ info ] [ LANG ] D:\phpStudy\PHPTutorial\WWW\2009_xicheng\thinkphp/lang/zh-cn.php
[ info ] [ ROUTE ] array (
  'type' => 'module',
  'module' => 
  array (
    0 => 'admin',
    1 => 'index',
    2 => 'index',
  ),
)
[ info ] [ HEADER ] array (
  'accept-language' => 'zh-CN,zh;q=0.9',
  'accept-encoding' => 'gzip, deflate',
  'accept' => 'text/html,application/xhtml+xml,application/xml;q=0.9,image/webp,image/apng,*/*;q=0.8,application/signed-exchange;v=b3;q=0.9',
  'user-agent' => 'Mozilla/5.0 (Windows NT 10.0; Win64; x64) AppleWebKit/537.36 (KHTML, like Gecko) Chrome/83.0.4103.61 Safari/537.36',
  'upgrade-insecure-requests' => '1',
  'connection' => 'close',
  'host' => 'www.2009_xicheng.com',
)
[ info ] [ PARAM ] array (
)
[ info ] [ SESSION ] INIT array (
  'prefix' => 'admin',
  'type' => '',
  'auto_start' => true,
)
[ info ] [ LOG ] INIT File
---------------------------------------------------------------
[ 2020-09-26T18:24:29+08:00 ] 127.0.0.1 GET www.2009_xicheng.com/admin/login/index.html
[运行时间：0.030380s] [吞吐率：32.92req/s] [内存消耗：1,550.10kb] [文件加载：49]
[ info ] [ LANG ] D:\phpStudy\PHPTutorial\WWW\2009_xicheng\thinkphp/lang/zh-cn.php
[ info ] [ ROUTE ] array (
  'type' => 'module',
  'module' => 
  array (
    0 => 'admin',
    1 => 'login',
    2 => 'index',
  ),
)
[ info ] [ HEADER ] array (
  'cookie' => 'PHPSESSID=qkh5spv5sf4gfbvmnknushgf85',
  'accept-language' => 'zh-CN,zh;q=0.9',
  'accept-encoding' => 'gzip, deflate',
  'accept' => 'text/html,application/xhtml+xml,application/xml;q=0.9,image/webp,image/apng,*/*;q=0.8,application/signed-exchange;v=b3;q=0.9',
  'user-agent' => 'Mozilla/5.0 (Windows NT 10.0; Win64; x64) AppleWebKit/537.36 (KHTML, like Gecko) Chrome/83.0.4103.61 Safari/537.36',
  'upgrade-insecure-requests' => '1',
  'connection' => 'close',
  'host' => 'www.2009_xicheng.com',
)
[ info ] [ PARAM ] array (
)
[ info ] [ RUN ] app\admin\controller\Login->index[ D:\phpStudy\PHPTutorial\WWW\2009_xicheng\application\admin\controller\Login.php ]
[ info ] [ SESSION ] INIT array (
  'prefix' => 'admin',
  'type' => '',
  'auto_start' => true,
)
[ info ] [ VIEW ] D:\phpStudy\PHPTutorial\WWW\2009_xicheng/application/admin/view/login/index.php [ array (
) ]
[ info ] [ LOG ] INIT File
---------------------------------------------------------------
[ 2020-09-26T18:24:29+08:00 ] 127.0.0.1 GET www.2009_xicheng.com/admin/login/captcha.html
[运行时间：0.029295s] [吞吐率：34.14req/s] [内存消耗：1,548.27kb] [文件加载：48]
[ info ] [ LANG ] D:\phpStudy\PHPTutorial\WWW\2009_xicheng\thinkphp/lang/zh-cn.php
[ info ] [ ROUTE ] array (
  'type' => 'module',
  'module' => 
  array (
    0 => 'admin',
    1 => 'login',
    2 => 'captcha',
  ),
)
[ info ] [ HEADER ] array (
  'cookie' => 'PHPSESSID=qkh5spv5sf4gfbvmnknushgf85',
  'accept-language' => 'zh-CN,zh;q=0.9',
  'accept-encoding' => 'gzip, deflate',
  'referer' => 'http://www.2009_xicheng.com/admin/login/index.html',
  'accept' => 'image/webp,image/apng,image/*,*/*;q=0.8',
  'user-agent' => 'Mozilla/5.0 (Windows NT 10.0; Win64; x64) AppleWebKit/537.36 (KHTML, like Gecko) Chrome/83.0.4103.61 Safari/537.36',
  'connection' => 'close',
  'host' => 'www.2009_xicheng.com',
)
[ info ] [ PARAM ] array (
)
[ info ] [ RUN ] app\admin\controller\Login->captcha[ D:\phpStudy\PHPTutorial\WWW\2009_xicheng\application\admin\controller\Login.php ]
[ info ] [ SESSION ] INIT array (
  'prefix' => 'admin',
  'type' => '',
  'auto_start' => true,
)
[ info ] [ LOG ] INIT File
---------------------------------------------------------------
[ 2020-09-26T18:24:35+08:00 ] 127.0.0.1 POST www.2009_xicheng.com/admin/login/verify.html
[运行时间：2.109599s] [吞吐率：0.47req/s] [内存消耗：2,664.01kb] [文件加载：68]
[ info ] [ LANG ] D:\phpStudy\PHPTutorial\WWW\2009_xicheng\thinkphp/lang/zh-cn.php
[ info ] [ ROUTE ] array (
  'type' => 'module',
  'module' => 
  array (
    0 => 'admin',
    1 => 'login',
    2 => 'verify',
  ),
)
[ info ] [ HEADER ] array (
  'cookie' => 'PHPSESSID=qkh5spv5sf4gfbvmnknushgf85',
  'accept-language' => 'zh-CN,zh;q=0.9',
  'accept-encoding' => 'gzip, deflate',
  'referer' => 'http://www.2009_xicheng.com/admin/login/index.html',
  'accept' => 'text/html,application/xhtml+xml,application/xml;q=0.9,image/webp,image/apng,*/*;q=0.8,application/signed-exchange;v=b3;q=0.9',
  'user-agent' => 'Mozilla/5.0 (Windows NT 10.0; Win64; x64) AppleWebKit/537.36 (KHTML, like Gecko) Chrome/83.0.4103.61 Safari/537.36',
  'content-type' => 'application/x-www-form-urlencoded',
  'origin' => 'http://www.2009_xicheng.com',
  'upgrade-insecure-requests' => '1',
  'cache-control' => 'max-age=0',
  'content-length' => '36',
  'connection' => 'close',
  'host' => 'www.2009_xicheng.com',
)
[ info ] [ PARAM ] array (
  'account' => 'admin',
  'pwd' => '123456',
  'verify' => '1214',
)
[ info ] [ RUN ] app\admin\controller\Login->verify[ D:\phpStudy\PHPTutorial\WWW\2009_xicheng\application\admin\controller\Login.php ]
[ info ] [ SESSION ] INIT array (
  'prefix' => 'admin',
  'type' => '',
  'auto_start' => true,
)
[ info ] [ DB ] INIT mysql
[ info ] [ CACHE ] INIT File
[ info ] [ BEHAVIOR ] Run behavior\admin\SystemBehavior @system_admin_login_after [ RunTime:0.005838s ]
[ info ] [ LOG ] INIT File
---------------------------------------------------------------
[ 2020-09-26T18:24:37+08:00 ] 127.0.0.1 GET www.2009_xicheng.com/admin/index/index.html
[运行时间：2.134155s] [吞吐率：0.47req/s] [内存消耗：2,939.24kb] [文件加载：67]
[ info ] [ LANG ] D:\phpStudy\PHPTutorial\WWW\2009_xicheng\thinkphp/lang/zh-cn.php
[ info ] [ ROUTE ] array (
  'type' => 'module',
  'module' => 
  array (
    0 => 'admin',
    1 => 'index',
    2 => 'index',
  ),
)
[ info ] [ HEADER ] array (
  'cookie' => 'PHPSESSID=qkh5spv5sf4gfbvmnknushgf85',
  'accept-language' => 'zh-CN,zh;q=0.9',
  'accept-encoding' => 'gzip, deflate',
  'referer' => 'http://www.2009_xicheng.com/admin/login/index.html',
  'accept' => 'text/html,application/xhtml+xml,application/xml;q=0.9,image/webp,image/apng,*/*;q=0.8,application/signed-exchange;v=b3;q=0.9',
  'user-agent' => 'Mozilla/5.0 (Windows NT 10.0; Win64; x64) AppleWebKit/537.36 (KHTML, like Gecko) Chrome/83.0.4103.61 Safari/537.36',
  'upgrade-insecure-requests' => '1',
  'cache-control' => 'max-age=0',
  'connection' => 'close',
  'host' => 'www.2009_xicheng.com',
)
[ info ] [ PARAM ] array (
)
[ info ] [ SESSION ] INIT array (
  'prefix' => 'admin',
  'type' => '',
  'auto_start' => true,
)
[ info ] [ DB ] INIT mysql
[ info ] [ BEHAVIOR ] Run behavior\admin\SystemBehavior @admin_visit [ RunTime:0.000020s ]
[ info ] [ RUN ] app\admin\controller\Index->index[ D:\phpStudy\PHPTutorial\WWW\2009_xicheng\application\admin\controller\Index.php ]
[ info ] [ VIEW ] D:\phpStudy\PHPTutorial\WWW\2009_xicheng/application/admin/view/index/index.php [ array (
  0 => '_admin',
  1 => 'menuList',
  2 => 'site_logo',
  3 => 'role_name',
) ]
[ info ] [ LOG ] INIT File
---------------------------------------------------------------
[ 2020-09-26T18:24:37+08:00 ] 127.0.0.1 POST www.2009_xicheng.com/admin/login/verify.html
[运行时间：1.678803s] [吞吐率：0.60req/s] [内存消耗：2,062.68kb] [文件加载：55]
[ info ] [ LANG ] D:\phpStudy\PHPTutorial\WWW\2009_xicheng\thinkphp/lang/zh-cn.php
[ info ] [ ROUTE ] array (
  'type' => 'module',
  'module' => 
  array (
    0 => 'admin',
    1 => 'login',
    2 => 'verify',
  ),
)
[ info ] [ HEADER ] array (
  'cookie' => 'PHPSESSID=qkh5spv5sf4gfbvmnknushgf85',
  'accept-language' => 'zh-CN,zh;q=0.9',
  'accept-encoding' => 'gzip, deflate',
  'referer' => 'http://www.2009_xicheng.com/admin/login/index.html',
  'accept' => 'text/html,application/xhtml+xml,application/xml;q=0.9,image/webp,image/apng,*/*;q=0.8,application/signed-exchange;v=b3;q=0.9',
  'user-agent' => 'Mozilla/5.0 (Windows NT 10.0; Win64; x64) AppleWebKit/537.36 (KHTML, like Gecko) Chrome/83.0.4103.61 Safari/537.36',
  'content-type' => 'application/x-www-form-urlencoded',
  'origin' => 'http://www.2009_xicheng.com',
  'upgrade-insecure-requests' => '1',
  'cache-control' => 'max-age=0',
  'content-length' => '36',
  'connection' => 'close',
  'host' => 'www.2009_xicheng.com',
)
[ info ] [ PARAM ] array (
  'account' => 'admin',
  'pwd' => '123456',
  'verify' => '1214',
)
[ info ] [ RUN ] app\admin\controller\Login->verify[ D:\phpStudy\PHPTutorial\WWW\2009_xicheng\application\admin\controller\Login.php ]
[ info ] [ SESSION ] INIT array (
  'prefix' => 'admin',
  'type' => '',
  'auto_start' => true,
)
[ info ] [ VIEW ] D:\phpStudy\PHPTutorial\WWW\2009_xicheng/application/admin/view/public/error.php [ array (
  0 => 'msg',
  1 => 'url',
) ]
[ info ] [ LOG ] INIT File
---------------------------------------------------------------
[ 2020-09-26T18:29:38+08:00 ] 127.0.0.1 GET www.2009_xicheng.com/admin/login/0
[运行时间：0.032542s] [吞吐率：30.73req/s] [内存消耗：1,900.10kb] [文件加载：54]
[ info ] [ LANG ] D:\phpStudy\PHPTutorial\WWW\2009_xicheng\thinkphp/lang/zh-cn.php
[ info ] [ ROUTE ] array (
  'type' => 'module',
  'module' => 
  array (
    0 => 'admin',
    1 => 'login',
    2 => '0',
  ),
)
[ info ] [ HEADER ] array (
  'cookie' => 'PHPSESSID=qkh5spv5sf4gfbvmnknushgf85',
  'accept-language' => 'zh-CN,zh;q=0.9',
  'accept-encoding' => 'gzip, deflate',
  'referer' => 'http://www.2009_xicheng.com/admin/login/verify.html',
  'accept' => 'text/html,application/xhtml+xml,application/xml;q=0.9,image/webp,image/apng,*/*;q=0.8,application/signed-exchange;v=b3;q=0.9',
  'user-agent' => 'Mozilla/5.0 (Windows NT 10.0; Win64; x64) AppleWebKit/537.36 (KHTML, like Gecko) Chrome/83.0.4103.61 Safari/537.36',
  'upgrade-insecure-requests' => '1',
  'connection' => 'close',
  'host' => 'www.2009_xicheng.com',
)
[ info ] [ PARAM ] array (
)
[ info ] [ RUN ] app\admin\controller\Login->index[ D:\phpStudy\PHPTutorial\WWW\2009_xicheng\application\admin\controller\Login.php ]
[ info ] [ SESSION ] INIT array (
  'prefix' => 'admin',
  'type' => '',
  'auto_start' => true,
)
[ info ] [ LOG ] INIT File
---------------------------------------------------------------
[ 2020-09-26T18:29:40+08:00 ] 127.0.0.1 GET www.2009_xicheng.com/admin/index/index.html
[运行时间：2.115297s] [吞吐率：0.47req/s] [内存消耗：2,938.93kb] [文件加载：67]
[ info ] [ LANG ] D:\phpStudy\PHPTutorial\WWW\2009_xicheng\thinkphp/lang/zh-cn.php
[ info ] [ ROUTE ] array (
  'type' => 'module',
  'module' => 
  array (
    0 => 'admin',
    1 => 'index',
    2 => 'index',
  ),
)
[ info ] [ HEADER ] array (
  'cookie' => 'PHPSESSID=qkh5spv5sf4gfbvmnknushgf85',
  'accept-language' => 'zh-CN,zh;q=0.9',
  'accept-encoding' => 'gzip, deflate',
  'referer' => 'http://www.2009_xicheng.com/admin/login/verify.html',
  'accept' => 'text/html,application/xhtml+xml,application/xml;q=0.9,image/webp,image/apng,*/*;q=0.8,application/signed-exchange;v=b3;q=0.9',
  'user-agent' => 'Mozilla/5.0 (Windows NT 10.0; Win64; x64) AppleWebKit/537.36 (KHTML, like Gecko) Chrome/83.0.4103.61 Safari/537.36',
  'upgrade-insecure-requests' => '1',
  'connection' => 'close',
  'host' => 'www.2009_xicheng.com',
)
[ info ] [ PARAM ] array (
)
[ info ] [ SESSION ] INIT array (
  'prefix' => 'admin',
  'type' => '',
  'auto_start' => true,
)
[ info ] [ DB ] INIT mysql
[ info ] [ BEHAVIOR ] Run behavior\admin\SystemBehavior @admin_visit [ RunTime:0.000016s ]
[ info ] [ RUN ] app\admin\controller\Index->index[ D:\phpStudy\PHPTutorial\WWW\2009_xicheng\application\admin\controller\Index.php ]
[ info ] [ VIEW ] D:\phpStudy\PHPTutorial\WWW\2009_xicheng/application/admin/view/index/index.php [ array (
  0 => '_admin',
  1 => 'menuList',
  2 => 'site_logo',
  3 => 'role_name',
) ]
[ info ] [ LOG ] INIT File
---------------------------------------------------------------
[ 2020-09-26T18:29:42+08:00 ] 127.0.0.1 GET www.2009_xicheng.com/admin/index/main.html
[运行时间：2.156791s] [吞吐率：0.46req/s] [内存消耗：3,453.00kb] [文件加载：73]
[ info ] [ LANG ] D:\phpStudy\PHPTutorial\WWW\2009_xicheng\thinkphp/lang/zh-cn.php
[ info ] [ ROUTE ] array (
  'type' => 'module',
  'module' => 
  array (
    0 => 'admin',
    1 => 'index',
    2 => 'main',
  ),
)
[ info ] [ HEADER ] array (
  'cookie' => 'PHPSESSID=qkh5spv5sf4gfbvmnknushgf85',
  'accept-language' => 'zh-CN,zh;q=0.9',
  'accept-encoding' => 'gzip, deflate',
  'referer' => 'http://www.2009_xicheng.com/admin/index/index.html',
  'accept' => 'text/html,application/xhtml+xml,application/xml;q=0.9,image/webp,image/apng,*/*;q=0.8,application/signed-exchange;v=b3;q=0.9',
  'user-agent' => 'Mozilla/5.0 (Windows NT 10.0; Win64; x64) AppleWebKit/537.36 (KHTML, like Gecko) Chrome/83.0.4103.61 Safari/537.36',
  'upgrade-insecure-requests' => '1',
  'connection' => 'close',
  'host' => 'www.2009_xicheng.com',
)
[ info ] [ PARAM ] array (
)
[ info ] [ SESSION ] INIT array (
  'prefix' => 'admin',
  'type' => '',
  'auto_start' => true,
)
[ info ] [ DB ] INIT mysql
[ info ] [ BEHAVIOR ] Run behavior\admin\SystemBehavior @admin_visit [ RunTime:0.000018s ]
[ info ] [ RUN ] app\admin\controller\Index->main[ D:\phpStudy\PHPTutorial\WWW\2009_xicheng\application\admin\controller\Index.php ]
[ info ] [ CACHE ] INIT File
[ info ] [ VIEW ] D:\phpStudy\PHPTutorial\WWW\2009_xicheng/application/admin/view/index/main.php [ array (
  0 => '_admin',
  1 => 'first_line',
  2 => 'second_line',
  3 => 'topData',
) ]
[ info ] [ LOG ] INIT File
---------------------------------------------------------------
[ 2020-09-26T18:29:44+08:00 ] 127.0.0.1 GET www.2009_xicheng.com/admin/index/jnotice.html
[运行时间：4.125660s] [吞吐率：0.24req/s] [内存消耗：3,466.43kb] [文件加载：75]
[ info ] [ LANG ] D:\phpStudy\PHPTutorial\WWW\2009_xicheng\thinkphp/lang/zh-cn.php
[ info ] [ ROUTE ] array (
  'type' => 'module',
  'module' => 
  array (
    0 => 'admin',
    1 => 'index',
    2 => 'jnotice',
  ),
)
[ info ] [ HEADER ] array (
  'cookie' => 'PHPSESSID=qkh5spv5sf4gfbvmnknushgf85',
  'accept-language' => 'zh-CN,zh;q=0.9',
  'accept-encoding' => 'gzip, deflate',
  'referer' => 'http://www.2009_xicheng.com/admin/index/index.html',
  'x-requested-with' => 'XMLHttpRequest',
  'user-agent' => 'Mozilla/5.0 (Windows NT 10.0; Win64; x64) AppleWebKit/537.36 (KHTML, like Gecko) Chrome/83.0.4103.61 Safari/537.36',
  'accept' => 'application/json, text/javascript, */*; q=0.01',
  'connection' => 'close',
  'host' => 'www.2009_xicheng.com',
)
[ info ] [ PARAM ] array (
)
[ info ] [ SESSION ] INIT array (
  'prefix' => 'admin',
  'type' => '',
  'auto_start' => true,
)
[ info ] [ DB ] INIT mysql
[ info ] [ BEHAVIOR ] Run behavior\admin\SystemBehavior @admin_visit [ RunTime:0.000017s ]
[ info ] [ RUN ] app\admin\controller\Index->Jnotice[ D:\phpStudy\PHPTutorial\WWW\2009_xicheng\application\admin\controller\Index.php ]
[ info ] [ CACHE ] INIT File
[ info ] [ LOG ] INIT File
---------------------------------------------------------------
[ 2020-09-26T18:39:43+08:00 ] 127.0.0.1 GET www.2009_xicheng.com/admin/index/jnotice.html
[运行时间：2.175110s] [吞吐率：0.46req/s] [内存消耗：3,466.43kb] [文件加载：75]
[ info ] [ LANG ] D:\phpStudy\PHPTutorial\WWW\2009_xicheng\thinkphp/lang/zh-cn.php
[ info ] [ ROUTE ] array (
  'type' => 'module',
  'module' => 
  array (
    0 => 'admin',
    1 => 'index',
    2 => 'jnotice',
  ),
)
[ info ] [ HEADER ] array (
  'cookie' => 'PHPSESSID=qkh5spv5sf4gfbvmnknushgf85',
  'accept-language' => 'zh-CN,zh;q=0.9',
  'accept-encoding' => 'gzip, deflate',
  'referer' => 'http://www.2009_xicheng.com/admin/index/index.html',
  'x-requested-with' => 'XMLHttpRequest',
  'user-agent' => 'Mozilla/5.0 (Windows NT 10.0; Win64; x64) AppleWebKit/537.36 (KHTML, like Gecko) Chrome/83.0.4103.61 Safari/537.36',
  'accept' => 'application/json, text/javascript, */*; q=0.01',
  'connection' => 'close',
  'host' => 'www.2009_xicheng.com',
)
[ info ] [ PARAM ] array (
)
[ info ] [ SESSION ] INIT array (
  'prefix' => 'admin',
  'type' => '',
  'auto_start' => true,
)
[ info ] [ DB ] INIT mysql
[ info ] [ BEHAVIOR ] Run behavior\admin\SystemBehavior @admin_visit [ RunTime:0.000022s ]
[ info ] [ RUN ] app\admin\controller\Index->Jnotice[ D:\phpStudy\PHPTutorial\WWW\2009_xicheng\application\admin\controller\Index.php ]
[ info ] [ CACHE ] INIT File
[ info ] [ LOG ] INIT File
