---------------------------------------------------------------
[ 2020-11-17T10:44:45+08:00 ] 127.0.0.1 GET xicheng.com/ebapi/menu_api/coupons_list
[运行时间：0.331148s] [吞吐率：3.02req/s] [内存消耗：3,868.30kb] [文件加载：77]
[ info ] [ LANG ] D:\phpstudy_pro\WWW\xicheng\thinkphp/lang/zh-cn.php
[ info ] [ ROUTE ] array (
  'type' => 'module',
  'module' => 
  array (
    0 => 'ebapi',
    1 => 'menu_api',
    2 => 'coupons_list',
  ),
)
[ info ] [ HEADER ] array (
  'connection' => 'close',
  'accept-encoding' => 'gzip, deflate, br',
  'host' => 'xicheng.com',
  'postman-token' => 'd7d8f916-55dd-417f-a790-47ca4aa75d0b',
  'accept' => '*/*',
  'user-agent' => 'PostmanRuntime/7.26.5',
  'token' => '585a548703aaec1a4c20246e9eb3962948290bf74df893c49397eb9f0aaac777597376e64c35b364d18808abb4deb37e3eb2e7c85a541734d1ba208ad0f1a6c8cf575cdbd6df90033e870923ac4e4b77f17890321e46b785bf624123ce91f24e',
)
[ info ] [ PARAM ] array (
)
[ info ] [ CACHE ] INIT File
[ info ] [ DB ] INIT mysql
[ info ] [ BEHAVIOR ] Run app\core\behavior\UserBehavior @init [ RunTime:0.148544s ]
[ info ] [ RUN ] app\ebapi\controller\MenuApi->coupons_list[ D:\phpstudy_pro\WWW\xicheng\application\ebapi\controller\MenuApi.php ]
[ info ] [ LOG ] INIT File
[ error ] [0]method not exist:think\db\Query->get[D:\phpstudy_pro\WWW\xicheng\thinkphp\library\think\db\Query.php:103]
[ error ] [0] method not exist:think\db\Query->get [D:\phpstudy_pro\WWW\xicheng\thinkphp\library\think\db\Query.php : 103]
---------------------------------------------------------------
[ 2020-11-17T10:45:20+08:00 ] 127.0.0.1 GET xicheng.com/ebapi/menu_api/coupons_list
[运行时间：0.288204s] [吞吐率：3.47req/s] [内存消耗：3,907.10kb] [文件加载：79]
[ info ] [ LANG ] D:\phpstudy_pro\WWW\xicheng\thinkphp/lang/zh-cn.php
[ info ] [ ROUTE ] array (
  'type' => 'module',
  'module' => 
  array (
    0 => 'ebapi',
    1 => 'menu_api',
    2 => 'coupons_list',
  ),
)
[ info ] [ HEADER ] array (
  'connection' => 'close',
  'accept-encoding' => 'gzip, deflate, br',
  'host' => 'xicheng.com',
  'postman-token' => '4b4f9813-0a18-47f8-a2e3-375f12d2e6fa',
  'accept' => '*/*',
  'user-agent' => 'PostmanRuntime/7.26.5',
  'token' => '585a548703aaec1a4c20246e9eb3962948290bf74df893c49397eb9f0aaac777597376e64c35b364d18808abb4deb37e3eb2e7c85a541734d1ba208ad0f1a6c8cf575cdbd6df90033e870923ac4e4b77f17890321e46b785bf624123ce91f24e',
)
[ info ] [ PARAM ] array (
)
[ info ] [ CACHE ] INIT File
[ info ] [ DB ] INIT mysql
[ info ] [ BEHAVIOR ] Run app\core\behavior\UserBehavior @init [ RunTime:0.241290s ]
[ info ] [ RUN ] app\ebapi\controller\MenuApi->coupons_list[ D:\phpstudy_pro\WWW\xicheng\application\ebapi\controller\MenuApi.php ]
[ info ] [ LOG ] INIT File
[ error ] [10501]SQLSTATE[23000]: Integrity constraint violation: 1052 Column 'status' in where clause is ambiguous[D:\phpstudy_pro\WWW\xicheng\thinkphp\library\think\db\Connection.php:385]
[ error ] [10501] SQLSTATE[23000]: Integrity constraint violation: 1052 Column 'status' in where clause is ambiguous [D:\phpstudy_pro\WWW\xicheng\thinkphp\library\think\db\Connection.php : 385]
---------------------------------------------------------------
[ 2020-11-17T10:45:58+08:00 ] 127.0.0.1 GET xicheng.com/ebapi/menu_api/coupons_list
[运行时间：0.279104s] [吞吐率：3.58req/s] [内存消耗：3,907.10kb] [文件加载：79]
[ info ] [ LANG ] D:\phpstudy_pro\WWW\xicheng\thinkphp/lang/zh-cn.php
[ info ] [ ROUTE ] array (
  'type' => 'module',
  'module' => 
  array (
    0 => 'ebapi',
    1 => 'menu_api',
    2 => 'coupons_list',
  ),
)
[ info ] [ HEADER ] array (
  'connection' => 'close',
  'accept-encoding' => 'gzip, deflate, br',
  'host' => 'xicheng.com',
  'postman-token' => '5e7acbb0-74a4-4656-8291-74079ded2dc7',
  'accept' => '*/*',
  'user-agent' => 'PostmanRuntime/7.26.5',
  'token' => '585a548703aaec1a4c20246e9eb3962948290bf74df893c49397eb9f0aaac777597376e64c35b364d18808abb4deb37e3eb2e7c85a541734d1ba208ad0f1a6c8cf575cdbd6df90033e870923ac4e4b77f17890321e46b785bf624123ce91f24e',
)
[ info ] [ PARAM ] array (
)
[ info ] [ CACHE ] INIT File
[ info ] [ DB ] INIT mysql
[ info ] [ BEHAVIOR ] Run app\core\behavior\UserBehavior @init [ RunTime:0.228404s ]
[ info ] [ RUN ] app\ebapi\controller\MenuApi->coupons_list[ D:\phpstudy_pro\WWW\xicheng\application\ebapi\controller\MenuApi.php ]
[ info ] [ LOG ] INIT File
[ error ] [10501]SQLSTATE[23000]: Integrity constraint violation: 1052 Column 'status' in where clause is ambiguous[D:\phpstudy_pro\WWW\xicheng\thinkphp\library\think\db\Connection.php:385]
[ error ] [10501] SQLSTATE[23000]: Integrity constraint violation: 1052 Column 'status' in where clause is ambiguous [D:\phpstudy_pro\WWW\xicheng\thinkphp\library\think\db\Connection.php : 385]
---------------------------------------------------------------
[ 2020-11-17T10:55:09+08:00 ] 127.0.0.1 GET xicheng.com/ebapi/menu_api/coupons_list
[运行时间：0.327072s] [吞吐率：3.06req/s] [内存消耗：3,908.81kb] [文件加载：79]
[ info ] [ LANG ] D:\phpstudy_pro\WWW\xicheng\thinkphp/lang/zh-cn.php
[ info ] [ ROUTE ] array (
  'type' => 'module',
  'module' => 
  array (
    0 => 'ebapi',
    1 => 'menu_api',
    2 => 'coupons_list',
  ),
)
[ info ] [ HEADER ] array (
  'connection' => 'close',
  'accept-encoding' => 'gzip, deflate, br',
  'host' => 'xicheng.com',
  'postman-token' => '8be759dc-18cd-426b-832c-5bafb89a0e18',
  'accept' => '*/*',
  'user-agent' => 'PostmanRuntime/7.26.5',
  'token' => '585a548703aaec1a4c20246e9eb3962948290bf74df893c49397eb9f0aaac777597376e64c35b364d18808abb4deb37e3eb2e7c85a541734d1ba208ad0f1a6c8cf575cdbd6df90033e870923ac4e4b77f17890321e46b785bf624123ce91f24e',
)
[ info ] [ PARAM ] array (
)
[ info ] [ CACHE ] INIT File
[ info ] [ DB ] INIT mysql
[ info ] [ BEHAVIOR ] Run app\core\behavior\UserBehavior @init [ RunTime:0.228111s ]
[ info ] [ RUN ] app\ebapi\controller\MenuApi->coupons_list[ D:\phpstudy_pro\WWW\xicheng\application\ebapi\controller\MenuApi.php ]
[ info ] [ LOG ] INIT File
[ error ] [10501]SQLSTATE[42000]: Syntax error or access violation: 1064 You have an error in your SQL syntax; check the manual that corresponds to your MySQL server version for the right syntax to use near 'JOIN `eb_coupon_use` ON eb_coupon_use.coupon_id WHERE  `uid` = 14  AND `type` = ' at line 1[D:\phpstudy_pro\WWW\xicheng\thinkphp\library\think\db\Connection.php:385]
[ error ] [10501] SQLSTATE[42000]: Syntax error or access violation: 1064 You have an error in your SQL syntax; check the manual that corresponds to your MySQL server version for the right syntax to use near 'JOIN `eb_coupon_use` ON eb_coupon_use.coupon_id WHERE  `uid` = 14  AND `type` = ' at line 1 [D:\phpstudy_pro\WWW\xicheng\thinkphp\library\think\db\Connection.php : 385]
---------------------------------------------------------------
[ 2020-11-17T10:56:40+08:00 ] 127.0.0.1 GET xicheng.com/ebapi/menu_api/coupons_list
[运行时间：0.190385s] [吞吐率：5.25req/s] [内存消耗：3,908.77kb] [文件加载：79]
[ info ] [ LANG ] D:\phpstudy_pro\WWW\xicheng\thinkphp/lang/zh-cn.php
[ info ] [ ROUTE ] array (
  'type' => 'module',
  'module' => 
  array (
    0 => 'ebapi',
    1 => 'menu_api',
    2 => 'coupons_list',
  ),
)
[ info ] [ HEADER ] array (
  'connection' => 'close',
  'accept-encoding' => 'gzip, deflate, br',
  'host' => 'xicheng.com',
  'postman-token' => 'a4d47a0a-1e22-4e40-bcd3-7d41b5621722',
  'accept' => '*/*',
  'user-agent' => 'PostmanRuntime/7.26.5',
  'token' => '585a548703aaec1a4c20246e9eb3962948290bf74df893c49397eb9f0aaac777597376e64c35b364d18808abb4deb37e3eb2e7c85a541734d1ba208ad0f1a6c8cf575cdbd6df90033e870923ac4e4b77f17890321e46b785bf624123ce91f24e',
)
[ info ] [ PARAM ] array (
)
[ info ] [ CACHE ] INIT File
[ info ] [ DB ] INIT mysql
[ info ] [ BEHAVIOR ] Run app\core\behavior\UserBehavior @init [ RunTime:0.143130s ]
[ info ] [ RUN ] app\ebapi\controller\MenuApi->coupons_list[ D:\phpstudy_pro\WWW\xicheng\application\ebapi\controller\MenuApi.php ]
[ info ] [ LOG ] INIT File
[ error ] [10501]SQLSTATE[42000]: Syntax error or access violation: 1064 You have an error in your SQL syntax; check the manual that corresponds to your MySQL server version for the right syntax to use near 'JOIN `eb_coupon_use` `coupon_use` ON coupon_use.coupon_id WHERE  `uid` = 14  AND' at line 1[D:\phpstudy_pro\WWW\xicheng\thinkphp\library\think\db\Connection.php:385]
[ error ] [10501] SQLSTATE[42000]: Syntax error or access violation: 1064 You have an error in your SQL syntax; check the manual that corresponds to your MySQL server version for the right syntax to use near 'JOIN `eb_coupon_use` `coupon_use` ON coupon_use.coupon_id WHERE  `uid` = 14  AND' at line 1 [D:\phpstudy_pro\WWW\xicheng\thinkphp\library\think\db\Connection.php : 385]
---------------------------------------------------------------
[ 2020-11-17T10:57:48+08:00 ] 127.0.0.1 GET xicheng.com/ebapi/menu_api/coupons_list
[运行时间：0.263854s] [吞吐率：3.79req/s] [内存消耗：3,907.28kb] [文件加载：79]
[ info ] [ LANG ] D:\phpstudy_pro\WWW\xicheng\thinkphp/lang/zh-cn.php
[ info ] [ ROUTE ] array (
  'type' => 'module',
  'module' => 
  array (
    0 => 'ebapi',
    1 => 'menu_api',
    2 => 'coupons_list',
  ),
)
[ info ] [ HEADER ] array (
  'connection' => 'close',
  'accept-encoding' => 'gzip, deflate, br',
  'host' => 'xicheng.com',
  'postman-token' => '9c53f392-f7e0-45b5-b97b-75d793ad1a14',
  'accept' => '*/*',
  'user-agent' => 'PostmanRuntime/7.26.5',
  'token' => '585a548703aaec1a4c20246e9eb3962948290bf74df893c49397eb9f0aaac777597376e64c35b364d18808abb4deb37e3eb2e7c85a541734d1ba208ad0f1a6c8cf575cdbd6df90033e870923ac4e4b77f17890321e46b785bf624123ce91f24e',
)
[ info ] [ PARAM ] array (
)
[ info ] [ CACHE ] INIT File
[ info ] [ DB ] INIT mysql
[ info ] [ BEHAVIOR ] Run app\core\behavior\UserBehavior @init [ RunTime:0.197476s ]
[ info ] [ RUN ] app\ebapi\controller\MenuApi->coupons_list[ D:\phpstudy_pro\WWW\xicheng\application\ebapi\controller\MenuApi.php ]
[ info ] [ LOG ] INIT File
[ error ] [10501]SQLSTATE[42S22]: Column not found: 1054 Unknown column 'eb_coupon_use.status' in 'where clause'[D:\phpstudy_pro\WWW\xicheng\thinkphp\library\think\db\Connection.php:385]
[ error ] [10501] SQLSTATE[42S22]: Column not found: 1054 Unknown column 'eb_coupon_use.status' in 'where clause' [D:\phpstudy_pro\WWW\xicheng\thinkphp\library\think\db\Connection.php : 385]
---------------------------------------------------------------
[ 2020-11-17T11:00:13+08:00 ] 127.0.0.1 GET xicheng.com/ebapi/menu_api/coupons_list
[运行时间：0.293784s] [吞吐率：3.40req/s] [内存消耗：3,907.28kb] [文件加载：79]
[ info ] [ LANG ] D:\phpstudy_pro\WWW\xicheng\thinkphp/lang/zh-cn.php
[ info ] [ ROUTE ] array (
  'type' => 'module',
  'module' => 
  array (
    0 => 'ebapi',
    1 => 'menu_api',
    2 => 'coupons_list',
  ),
)
[ info ] [ HEADER ] array (
  'connection' => 'close',
  'accept-encoding' => 'gzip, deflate, br',
  'host' => 'xicheng.com',
  'postman-token' => '9961c467-274a-4487-98f8-2c7696d69d7d',
  'accept' => '*/*',
  'user-agent' => 'PostmanRuntime/7.26.5',
  'token' => '585a548703aaec1a4c20246e9eb3962948290bf74df893c49397eb9f0aaac777597376e64c35b364d18808abb4deb37e3eb2e7c85a541734d1ba208ad0f1a6c8cf575cdbd6df90033e870923ac4e4b77f17890321e46b785bf624123ce91f24e',
)
[ info ] [ PARAM ] array (
)
[ info ] [ CACHE ] INIT File
[ info ] [ DB ] INIT mysql
[ info ] [ BEHAVIOR ] Run app\core\behavior\UserBehavior @init [ RunTime:0.235424s ]
[ info ] [ RUN ] app\ebapi\controller\MenuApi->coupons_list[ D:\phpstudy_pro\WWW\xicheng\application\ebapi\controller\MenuApi.php ]
[ info ] [ LOG ] INIT File
[ error ] [10501]SQLSTATE[42S22]: Column not found: 1054 Unknown column 'eb_coupon_use.status' in 'where clause'[D:\phpstudy_pro\WWW\xicheng\thinkphp\library\think\db\Connection.php:385]
[ error ] [10501] SQLSTATE[42S22]: Column not found: 1054 Unknown column 'eb_coupon_use.status' in 'where clause' [D:\phpstudy_pro\WWW\xicheng\thinkphp\library\think\db\Connection.php : 385]
---------------------------------------------------------------
[ 2020-11-17T11:00:41+08:00 ] 127.0.0.1 GET xicheng.com/ebapi/menu_api/coupons_list
[运行时间：0.273104s] [吞吐率：3.66req/s] [内存消耗：3,907.28kb] [文件加载：79]
[ info ] [ LANG ] D:\phpstudy_pro\WWW\xicheng\thinkphp/lang/zh-cn.php
[ info ] [ ROUTE ] array (
  'type' => 'module',
  'module' => 
  array (
    0 => 'ebapi',
    1 => 'menu_api',
    2 => 'coupons_list',
  ),
)
[ info ] [ HEADER ] array (
  'connection' => 'close',
  'accept-encoding' => 'gzip, deflate, br',
  'host' => 'xicheng.com',
  'postman-token' => 'c3ce019a-f222-4dbd-a8d7-e4ae514275f3',
  'accept' => '*/*',
  'user-agent' => 'PostmanRuntime/7.26.5',
  'token' => '585a548703aaec1a4c20246e9eb3962948290bf74df893c49397eb9f0aaac777597376e64c35b364d18808abb4deb37e3eb2e7c85a541734d1ba208ad0f1a6c8cf575cdbd6df90033e870923ac4e4b77f17890321e46b785bf624123ce91f24e',
)
[ info ] [ PARAM ] array (
)
[ info ] [ CACHE ] INIT File
[ info ] [ DB ] INIT mysql
[ info ] [ BEHAVIOR ] Run app\core\behavior\UserBehavior @init [ RunTime:0.227956s ]
[ info ] [ RUN ] app\ebapi\controller\MenuApi->coupons_list[ D:\phpstudy_pro\WWW\xicheng\application\ebapi\controller\MenuApi.php ]
[ info ] [ LOG ] INIT File
[ error ] [10501]SQLSTATE[42S22]: Column not found: 1054 Unknown column 'eb_coupon_use.status' in 'where clause'[D:\phpstudy_pro\WWW\xicheng\thinkphp\library\think\db\Connection.php:385]
[ error ] [10501] SQLSTATE[42S22]: Column not found: 1054 Unknown column 'eb_coupon_use.status' in 'where clause' [D:\phpstudy_pro\WWW\xicheng\thinkphp\library\think\db\Connection.php : 385]
---------------------------------------------------------------
[ 2020-11-17T11:02:16+08:00 ] 127.0.0.1 GET xicheng.com/ebapi/menu_api/coupons_list
[运行时间：0.357910s] [吞吐率：2.79req/s] [内存消耗：3,907.28kb] [文件加载：79]
[ info ] [ LANG ] D:\phpstudy_pro\WWW\xicheng\thinkphp/lang/zh-cn.php
[ info ] [ ROUTE ] array (
  'type' => 'module',
  'module' => 
  array (
    0 => 'ebapi',
    1 => 'menu_api',
    2 => 'coupons_list',
  ),
)
[ info ] [ HEADER ] array (
  'connection' => 'close',
  'accept-encoding' => 'gzip, deflate, br',
  'host' => 'xicheng.com',
  'postman-token' => '7d9b8d75-7c7b-4bcf-bcb1-39ad20592f97',
  'accept' => '*/*',
  'user-agent' => 'PostmanRuntime/7.26.5',
  'token' => '585a548703aaec1a4c20246e9eb3962948290bf74df893c49397eb9f0aaac777597376e64c35b364d18808abb4deb37e3eb2e7c85a541734d1ba208ad0f1a6c8cf575cdbd6df90033e870923ac4e4b77f17890321e46b785bf624123ce91f24e',
)
[ info ] [ PARAM ] array (
)
[ info ] [ CACHE ] INIT File
[ info ] [ DB ] INIT mysql
[ info ] [ BEHAVIOR ] Run app\core\behavior\UserBehavior @init [ RunTime:0.108245s ]
[ info ] [ RUN ] app\ebapi\controller\MenuApi->coupons_list[ D:\phpstudy_pro\WWW\xicheng\application\ebapi\controller\MenuApi.php ]
[ info ] [ LOG ] INIT File
[ error ] [10501]SQLSTATE[42S22]: Column not found: 1054 Unknown column 'eb_coupon_use.status' in 'where clause'[D:\phpstudy_pro\WWW\xicheng\thinkphp\library\think\db\Connection.php:385]
[ error ] [10501] SQLSTATE[42S22]: Column not found: 1054 Unknown column 'eb_coupon_use.status' in 'where clause' [D:\phpstudy_pro\WWW\xicheng\thinkphp\library\think\db\Connection.php : 385]
---------------------------------------------------------------
[ 2020-11-17T11:03:13+08:00 ] 127.0.0.1 GET xicheng.com/ebapi/menu_api/coupons_list
[运行时间：0.230047s] [吞吐率：4.35req/s] [内存消耗：3,906.95kb] [文件加载：79]
[ info ] [ LANG ] D:\phpstudy_pro\WWW\xicheng\thinkphp/lang/zh-cn.php
[ info ] [ ROUTE ] array (
  'type' => 'module',
  'module' => 
  array (
    0 => 'ebapi',
    1 => 'menu_api',
    2 => 'coupons_list',
  ),
)
[ info ] [ HEADER ] array (
  'connection' => 'close',
  'accept-encoding' => 'gzip, deflate, br',
  'host' => 'xicheng.com',
  'postman-token' => '109fb0a6-31f4-40a7-bf74-1f4b44c03557',
  'accept' => '*/*',
  'user-agent' => 'PostmanRuntime/7.26.5',
  'token' => '585a548703aaec1a4c20246e9eb3962948290bf74df893c49397eb9f0aaac777597376e64c35b364d18808abb4deb37e3eb2e7c85a541734d1ba208ad0f1a6c8cf575cdbd6df90033e870923ac4e4b77f17890321e46b785bf624123ce91f24e',
)
[ info ] [ PARAM ] array (
)
[ info ] [ CACHE ] INIT File
[ info ] [ DB ] INIT mysql
[ info ] [ BEHAVIOR ] Run app\core\behavior\UserBehavior @init [ RunTime:0.174251s ]
[ info ] [ RUN ] app\ebapi\controller\MenuApi->coupons_list[ D:\phpstudy_pro\WWW\xicheng\application\ebapi\controller\MenuApi.php ]
[ info ] [ LOG ] INIT File
[ error ] [10501]SQLSTATE[42S22]: Column not found: 1054 Unknown column 'eb_coupon_use.coupon_id' in 'on clause'[D:\phpstudy_pro\WWW\xicheng\thinkphp\library\think\db\Connection.php:385]
[ error ] [10501] SQLSTATE[42S22]: Column not found: 1054 Unknown column 'eb_coupon_use.coupon_id' in 'on clause' [D:\phpstudy_pro\WWW\xicheng\thinkphp\library\think\db\Connection.php : 385]
---------------------------------------------------------------
[ 2020-11-17T11:07:39+08:00 ] 127.0.0.1 GET xicheng.com/ebapi/menu_api/coupons_list
[运行时间：0.320176s] [吞吐率：3.12req/s] [内存消耗：3,858.45kb] [文件加载：78]
[ info ] [ LANG ] D:\phpstudy_pro\WWW\xicheng\thinkphp/lang/zh-cn.php
[ info ] [ ROUTE ] array (
  'type' => 'module',
  'module' => 
  array (
    0 => 'ebapi',
    1 => 'menu_api',
    2 => 'coupons_list',
  ),
)
[ info ] [ HEADER ] array (
  'connection' => 'close',
  'accept-encoding' => 'gzip, deflate, br',
  'host' => 'xicheng.com',
  'postman-token' => '56d0549f-3682-4209-a42e-84183b233a4d',
  'accept' => '*/*',
  'user-agent' => 'PostmanRuntime/7.26.5',
  'token' => '585a548703aaec1a4c20246e9eb3962948290bf74df893c49397eb9f0aaac777597376e64c35b364d18808abb4deb37e3eb2e7c85a541734d1ba208ad0f1a6c8cf575cdbd6df90033e870923ac4e4b77f17890321e46b785bf624123ce91f24e',
)
[ info ] [ PARAM ] array (
)
[ info ] [ CACHE ] INIT File
[ info ] [ DB ] INIT mysql
[ info ] [ BEHAVIOR ] Run app\core\behavior\UserBehavior @init [ RunTime:0.193996s ]
[ info ] [ RUN ] app\ebapi\controller\MenuApi->coupons_list[ D:\phpstudy_pro\WWW\xicheng\application\ebapi\controller\MenuApi.php ]
[ info ] [ LOG ] INIT File
[ error ] [10501]SQLSTATE[42S02]: Base table or view not found: 1146 Table 'xicheng.coupon' doesn't exist[D:\phpstudy_pro\WWW\xicheng\thinkphp\library\think\db\Connection.php:385]
[ error ] [10501] SQLSTATE[42S02]: Base table or view not found: 1146 Table 'xicheng.coupon' doesn't exist [D:\phpstudy_pro\WWW\xicheng\thinkphp\library\think\db\Connection.php : 385]
---------------------------------------------------------------
[ 2020-11-17T11:09:21+08:00 ] 127.0.0.1 GET xicheng.com/ebapi/menu_api/coupons_list
[运行时间：0.204883s] [吞吐率：4.88req/s] [内存消耗：3,906.96kb] [文件加载：79]
[ info ] [ LANG ] D:\phpstudy_pro\WWW\xicheng\thinkphp/lang/zh-cn.php
[ info ] [ ROUTE ] array (
  'type' => 'module',
  'module' => 
  array (
    0 => 'ebapi',
    1 => 'menu_api',
    2 => 'coupons_list',
  ),
)
[ info ] [ HEADER ] array (
  'connection' => 'close',
  'accept-encoding' => 'gzip, deflate, br',
  'host' => 'xicheng.com',
  'postman-token' => '660e0fcc-ef69-4379-91a1-a868cfb9f8a8',
  'accept' => '*/*',
  'user-agent' => 'PostmanRuntime/7.26.5',
  'token' => '585a548703aaec1a4c20246e9eb3962948290bf74df893c49397eb9f0aaac777597376e64c35b364d18808abb4deb37e3eb2e7c85a541734d1ba208ad0f1a6c8cf575cdbd6df90033e870923ac4e4b77f17890321e46b785bf624123ce91f24e',
)
[ info ] [ PARAM ] array (
)
[ info ] [ CACHE ] INIT File
[ info ] [ DB ] INIT mysql
[ info ] [ BEHAVIOR ] Run app\core\behavior\UserBehavior @init [ RunTime:0.152967s ]
[ info ] [ RUN ] app\ebapi\controller\MenuApi->coupons_list[ D:\phpstudy_pro\WWW\xicheng\application\ebapi\controller\MenuApi.php ]
[ info ] [ LOG ] INIT File
[ error ] [10501]SQLSTATE[42S22]: Column not found: 1054 Unknown column 'eb_coupon_use.status' in 'where clause'[D:\phpstudy_pro\WWW\xicheng\thinkphp\library\think\db\Connection.php:385]
[ error ] [10501] SQLSTATE[42S22]: Column not found: 1054 Unknown column 'eb_coupon_use.status' in 'where clause' [D:\phpstudy_pro\WWW\xicheng\thinkphp\library\think\db\Connection.php : 385]
---------------------------------------------------------------
[ 2020-11-17T11:11:31+08:00 ] 127.0.0.1 GET xicheng.com/ebapi/menu_api/coupons_list
[运行时间：0.090383s] [吞吐率：11.06req/s] [内存消耗：3,864.61kb] [文件加载：77]
[ info ] [ LANG ] D:\phpstudy_pro\WWW\xicheng\thinkphp/lang/zh-cn.php
[ info ] [ ROUTE ] array (
  'type' => 'module',
  'module' => 
  array (
    0 => 'ebapi',
    1 => 'menu_api',
    2 => 'coupons_list',
  ),
)
[ info ] [ HEADER ] array (
  'connection' => 'close',
  'accept-encoding' => 'gzip, deflate, br',
  'host' => 'xicheng.com',
  'postman-token' => 'f7a14beb-88a9-4182-ae30-549ac3d3c4b6',
  'accept' => '*/*',
  'user-agent' => 'PostmanRuntime/7.26.5',
  'token' => '585a548703aaec1a4c20246e9eb3962948290bf74df893c49397eb9f0aaac777597376e64c35b364d18808abb4deb37e3eb2e7c85a541734d1ba208ad0f1a6c8cf575cdbd6df90033e870923ac4e4b77f17890321e46b785bf624123ce91f24e',
)
[ info ] [ PARAM ] array (
)
[ info ] [ CACHE ] INIT File
[ info ] [ DB ] INIT mysql
[ info ] [ BEHAVIOR ] Run app\core\behavior\UserBehavior @init [ RunTime:0.058908s ]
[ info ] [ RUN ] app\ebapi\controller\MenuApi->coupons_list[ D:\phpstudy_pro\WWW\xicheng\application\ebapi\controller\MenuApi.php ]
[ info ] [ LOG ] INIT File
[ error ] [0]method not exist:think\db\Query->leftjoin[D:\phpstudy_pro\WWW\xicheng\thinkphp\library\think\db\Query.php:103]
[ error ] [0] method not exist:think\db\Query->leftjoin [D:\phpstudy_pro\WWW\xicheng\thinkphp\library\think\db\Query.php : 103]
---------------------------------------------------------------
[ 2020-11-17T11:12:06+08:00 ] 127.0.0.1 GET xicheng.com/ebapi/menu_api/coupons_list
[运行时间：0.215004s] [吞吐率：4.65req/s] [内存消耗：3,864.65kb] [文件加载：77]
[ info ] [ LANG ] D:\phpstudy_pro\WWW\xicheng\thinkphp/lang/zh-cn.php
[ info ] [ ROUTE ] array (
  'type' => 'module',
  'module' => 
  array (
    0 => 'ebapi',
    1 => 'menu_api',
    2 => 'coupons_list',
  ),
)
[ info ] [ HEADER ] array (
  'connection' => 'close',
  'accept-encoding' => 'gzip, deflate, br',
  'host' => 'xicheng.com',
  'postman-token' => '797f21f2-2a3a-4b9f-921b-f772fa5a51d1',
  'accept' => '*/*',
  'user-agent' => 'PostmanRuntime/7.26.5',
  'token' => '585a548703aaec1a4c20246e9eb3962948290bf74df893c49397eb9f0aaac777597376e64c35b364d18808abb4deb37e3eb2e7c85a541734d1ba208ad0f1a6c8cf575cdbd6df90033e870923ac4e4b77f17890321e46b785bf624123ce91f24e',
)
[ info ] [ PARAM ] array (
)
[ info ] [ CACHE ] INIT File
[ info ] [ DB ] INIT mysql
[ info ] [ BEHAVIOR ] Run app\core\behavior\UserBehavior @init [ RunTime:0.182139s ]
[ info ] [ RUN ] app\ebapi\controller\MenuApi->coupons_list[ D:\phpstudy_pro\WWW\xicheng\application\ebapi\controller\MenuApi.php ]
[ info ] [ LOG ] INIT File
[ error ] [0]method not exist:think\db\Query->LeftJoin[D:\phpstudy_pro\WWW\xicheng\thinkphp\library\think\db\Query.php:103]
[ error ] [0] method not exist:think\db\Query->LeftJoin [D:\phpstudy_pro\WWW\xicheng\thinkphp\library\think\db\Query.php : 103]
---------------------------------------------------------------
[ 2020-11-17T11:13:54+08:00 ] 127.0.0.1 GET xicheng.com/ebapi/menu_api/coupons_list
[运行时间：0.330927s] [吞吐率：3.02req/s] [内存消耗：3,906.98kb] [文件加载：79]
[ info ] [ LANG ] D:\phpstudy_pro\WWW\xicheng\thinkphp/lang/zh-cn.php
[ info ] [ ROUTE ] array (
  'type' => 'module',
  'module' => 
  array (
    0 => 'ebapi',
    1 => 'menu_api',
    2 => 'coupons_list',
  ),
)
[ info ] [ HEADER ] array (
  'connection' => 'close',
  'accept-encoding' => 'gzip, deflate, br',
  'host' => 'xicheng.com',
  'postman-token' => '4fe6d6e5-dbb5-45d5-b205-4c1b8b57cba6',
  'accept' => '*/*',
  'user-agent' => 'PostmanRuntime/7.26.5',
  'token' => '585a548703aaec1a4c20246e9eb3962948290bf74df893c49397eb9f0aaac777597376e64c35b364d18808abb4deb37e3eb2e7c85a541734d1ba208ad0f1a6c8cf575cdbd6df90033e870923ac4e4b77f17890321e46b785bf624123ce91f24e',
)
[ info ] [ PARAM ] array (
)
[ info ] [ CACHE ] INIT File
[ info ] [ DB ] INIT mysql
[ info ] [ BEHAVIOR ] Run app\core\behavior\UserBehavior @init [ RunTime:0.240776s ]
[ info ] [ RUN ] app\ebapi\controller\MenuApi->coupons_list[ D:\phpstudy_pro\WWW\xicheng\application\ebapi\controller\MenuApi.php ]
[ info ] [ LOG ] INIT File
[ error ] [10501]SQLSTATE[42S02]: Base table or view not found: 1146 Table 'xicheng.eb_l_e_f_t' doesn't exist[D:\phpstudy_pro\WWW\xicheng\thinkphp\library\think\db\Connection.php:385]
[ error ] [10501] SQLSTATE[42S02]: Base table or view not found: 1146 Table 'xicheng.eb_l_e_f_t' doesn't exist [D:\phpstudy_pro\WWW\xicheng\thinkphp\library\think\db\Connection.php : 385]
---------------------------------------------------------------
[ 2020-11-17T11:15:44+08:00 ] 127.0.0.1 GET xicheng.com/ebapi/menu_api/coupons_list
[运行时间：0.265498s] [吞吐率：3.77req/s] [内存消耗：3,908.74kb] [文件加载：79]
[ info ] [ LANG ] D:\phpstudy_pro\WWW\xicheng\thinkphp/lang/zh-cn.php
[ info ] [ ROUTE ] array (
  'type' => 'module',
  'module' => 
  array (
    0 => 'ebapi',
    1 => 'menu_api',
    2 => 'coupons_list',
  ),
)
[ info ] [ HEADER ] array (
  'connection' => 'close',
  'accept-encoding' => 'gzip, deflate, br',
  'host' => 'xicheng.com',
  'postman-token' => '55ace3dd-ff51-49d0-ae74-e5e409e9e0c5',
  'accept' => '*/*',
  'user-agent' => 'PostmanRuntime/7.26.5',
  'token' => '585a548703aaec1a4c20246e9eb3962948290bf74df893c49397eb9f0aaac777597376e64c35b364d18808abb4deb37e3eb2e7c85a541734d1ba208ad0f1a6c8cf575cdbd6df90033e870923ac4e4b77f17890321e46b785bf624123ce91f24e',
)
[ info ] [ PARAM ] array (
)
[ info ] [ CACHE ] INIT File
[ info ] [ DB ] INIT mysql
[ info ] [ BEHAVIOR ] Run app\core\behavior\UserBehavior @init [ RunTime:0.215711s ]
[ info ] [ RUN ] app\ebapi\controller\MenuApi->coupons_list[ D:\phpstudy_pro\WWW\xicheng\application\ebapi\controller\MenuApi.php ]
[ info ] [ LOG ] INIT File
[ error ] [10501]SQLSTATE[42000]: Syntax error or access violation: 1064 You have an error in your SQL syntax; check the manual that corresponds to your MySQL server version for the right syntax to use near 'FROM `eb_coupon` `a` INNER JOIN `eb_coupon_use` `w` ON `w`.`coupon_id`=`a`.`id` ' at line 1[D:\phpstudy_pro\WWW\xicheng\thinkphp\library\think\db\Connection.php:385]
[ error ] [10501] SQLSTATE[42000]: Syntax error or access violation: 1064 You have an error in your SQL syntax; check the manual that corresponds to your MySQL server version for the right syntax to use near 'FROM `eb_coupon` `a` INNER JOIN `eb_coupon_use` `w` ON `w`.`coupon_id`=`a`.`id` ' at line 1 [D:\phpstudy_pro\WWW\xicheng\thinkphp\library\think\db\Connection.php : 385]
---------------------------------------------------------------
[ 2020-11-17T11:29:02+08:00 ] 127.0.0.1 GET xicheng.com/ebapi/activity_api/activity
[运行时间：0.304074s] [吞吐率：3.29req/s] [内存消耗：3,859.01kb] [文件加载：78]
[ info ] [ LANG ] D:\phpstudy_pro\WWW\xicheng\thinkphp/lang/zh-cn.php
[ info ] [ ROUTE ] array (
  'type' => 'module',
  'module' => 
  array (
    0 => 'ebapi',
    1 => 'activity_api',
    2 => 'activity',
  ),
)
[ info ] [ HEADER ] array (
  'connection' => 'close',
  'accept-encoding' => 'gzip, deflate, br',
  'host' => 'xicheng.com',
  'postman-token' => 'cb29fa9f-857f-4a3e-a62f-534ed01d2fce',
  'accept' => '*/*',
  'user-agent' => 'PostmanRuntime/7.26.5',
  'token' => '585a548703aaec1a4c20246e9eb3962948290bf74df893c49397eb9f0aaac777597376e64c35b364d18808abb4deb37e3eb2e7c85a541734d1ba208ad0f1a6c8cf575cdbd6df90033e870923ac4e4b77f17890321e46b785bf624123ce91f24e',
)
[ info ] [ PARAM ] array (
)
[ info ] [ CACHE ] INIT File
[ info ] [ DB ] INIT mysql
[ info ] [ BEHAVIOR ] Run app\core\behavior\UserBehavior @init [ RunTime:0.205926s ]
[ info ] [ RUN ] app\ebapi\controller\ActivityApi->activity[ D:\phpstudy_pro\WWW\xicheng\application\ebapi\controller\ActivityApi.php ]
[ info ] [ LOG ] INIT File
[ error ] [8]unserialize(): Error at offset 0 of 864 bytes[D:\phpstudy_pro\WWW\xicheng\thinkphp\library\think\cache\driver\File.php:126]
[ error ] [0] unserialize(): Error at offset 0 of 864 bytes [D:\phpstudy_pro\WWW\xicheng\thinkphp\library\think\cache\driver\File.php : 126]
---------------------------------------------------------------
[ 2020-11-17T11:29:33+08:00 ] 127.0.0.1 GET xicheng.com/ebapi/activity_api/activity
[运行时间：0.249713s] [吞吐率：4.00req/s] [内存消耗：3,859.01kb] [文件加载：78]
[ info ] [ LANG ] D:\phpstudy_pro\WWW\xicheng\thinkphp/lang/zh-cn.php
[ info ] [ ROUTE ] array (
  'type' => 'module',
  'module' => 
  array (
    0 => 'ebapi',
    1 => 'activity_api',
    2 => 'activity',
  ),
)
[ info ] [ HEADER ] array (
  'connection' => 'close',
  'accept-encoding' => 'gzip, deflate, br',
  'host' => 'xicheng.com',
  'postman-token' => '6db8af97-72ad-44c0-bcfe-d6e06687bb7b',
  'accept' => '*/*',
  'user-agent' => 'PostmanRuntime/7.26.5',
  'token' => '585a548703aaec1a4c20246e9eb3962948290bf74df893c49397eb9f0aaac777597376e64c35b364d18808abb4deb37e3eb2e7c85a541734d1ba208ad0f1a6c8cf575cdbd6df90033e870923ac4e4b77f17890321e46b785bf624123ce91f24e',
)
[ info ] [ PARAM ] array (
)
[ info ] [ CACHE ] INIT File
[ info ] [ DB ] INIT mysql
[ info ] [ BEHAVIOR ] Run app\core\behavior\UserBehavior @init [ RunTime:0.205478s ]
[ info ] [ RUN ] app\ebapi\controller\ActivityApi->activity[ D:\phpstudy_pro\WWW\xicheng\application\ebapi\controller\ActivityApi.php ]
[ info ] [ LOG ] INIT File
[ error ] [8]unserialize(): Error at offset 0 of 864 bytes[D:\phpstudy_pro\WWW\xicheng\thinkphp\library\think\cache\driver\File.php:126]
[ error ] [0] unserialize(): Error at offset 0 of 864 bytes [D:\phpstudy_pro\WWW\xicheng\thinkphp\library\think\cache\driver\File.php : 126]
---------------------------------------------------------------
[ 2020-11-17T11:29:51+08:00 ] 127.0.0.1 GET xicheng.com/ebapi/activity_api/activity
[运行时间：0.265159s] [吞吐率：3.77req/s] [内存消耗：3,859.01kb] [文件加载：78]
[ info ] [ LANG ] D:\phpstudy_pro\WWW\xicheng\thinkphp/lang/zh-cn.php
[ info ] [ ROUTE ] array (
  'type' => 'module',
  'module' => 
  array (
    0 => 'ebapi',
    1 => 'activity_api',
    2 => 'activity',
  ),
)
[ info ] [ HEADER ] array (
  'connection' => 'close',
  'accept-encoding' => 'gzip, deflate, br',
  'host' => 'xicheng.com',
  'postman-token' => 'fa10085c-7f19-4a6e-8c3f-6fa83d921cf9',
  'accept' => '*/*',
  'user-agent' => 'PostmanRuntime/7.26.5',
  'token' => '585a548703aaec1a4c20246e9eb3962948290bf74df893c49397eb9f0aaac777597376e64c35b364d18808abb4deb37e3eb2e7c85a541734d1ba208ad0f1a6c8cf575cdbd6df90033e870923ac4e4b77f17890321e46b785bf624123ce91f24e',
)
[ info ] [ PARAM ] array (
)
[ info ] [ CACHE ] INIT File
[ info ] [ DB ] INIT mysql
[ info ] [ BEHAVIOR ] Run app\core\behavior\UserBehavior @init [ RunTime:0.230406s ]
[ info ] [ RUN ] app\ebapi\controller\ActivityApi->activity[ D:\phpstudy_pro\WWW\xicheng\application\ebapi\controller\ActivityApi.php ]
[ info ] [ LOG ] INIT File
[ error ] [8]unserialize(): Error at offset 0 of 864 bytes[D:\phpstudy_pro\WWW\xicheng\thinkphp\library\think\cache\driver\File.php:126]
[ error ] [0] unserialize(): Error at offset 0 of 864 bytes [D:\phpstudy_pro\WWW\xicheng\thinkphp\library\think\cache\driver\File.php : 126]
---------------------------------------------------------------
[ 2020-11-17T11:31:04+08:00 ] 127.0.0.1 GET xicheng.com/ebapi/activity_api/activity
[运行时间：0.218778s] [吞吐率：4.57req/s] [内存消耗：3,859.01kb] [文件加载：78]
[ info ] [ LANG ] D:\phpstudy_pro\WWW\xicheng\thinkphp/lang/zh-cn.php
[ info ] [ ROUTE ] array (
  'type' => 'module',
  'module' => 
  array (
    0 => 'ebapi',
    1 => 'activity_api',
    2 => 'activity',
  ),
)
[ info ] [ HEADER ] array (
  'connection' => 'close',
  'accept-encoding' => 'gzip, deflate, br',
  'host' => 'xicheng.com',
  'postman-token' => '9c273efa-bc27-466b-967b-4354a38e3e49',
  'accept' => '*/*',
  'user-agent' => 'PostmanRuntime/7.26.5',
  'token' => '585a548703aaec1a4c20246e9eb3962948290bf74df893c49397eb9f0aaac777597376e64c35b364d18808abb4deb37e3eb2e7c85a541734d1ba208ad0f1a6c8cf575cdbd6df90033e870923ac4e4b77f17890321e46b785bf624123ce91f24e',
)
[ info ] [ PARAM ] array (
)
[ info ] [ CACHE ] INIT File
[ info ] [ DB ] INIT mysql
[ info ] [ BEHAVIOR ] Run app\core\behavior\UserBehavior @init [ RunTime:0.182019s ]
[ info ] [ RUN ] app\ebapi\controller\ActivityApi->activity[ D:\phpstudy_pro\WWW\xicheng\application\ebapi\controller\ActivityApi.php ]
[ info ] [ LOG ] INIT File
[ error ] [8]unserialize(): Error at offset 0 of 864 bytes[D:\phpstudy_pro\WWW\xicheng\thinkphp\library\think\cache\driver\File.php:126]
[ error ] [0] unserialize(): Error at offset 0 of 864 bytes [D:\phpstudy_pro\WWW\xicheng\thinkphp\library\think\cache\driver\File.php : 126]
---------------------------------------------------------------
[ 2020-11-17T14:06:06+08:00 ] 127.0.0.1 GET xicheng.com/ebapi/stay_api/coupons_reduce?coupon_id=1
[运行时间：0.259781s] [吞吐率：3.85req/s] [内存消耗：3,849.04kb] [文件加载：77]
[ info ] [ LANG ] D:\phpstudy_pro\WWW\xicheng\thinkphp/lang/zh-cn.php
[ info ] [ ROUTE ] array (
  'type' => 'module',
  'module' => 
  array (
    0 => 'ebapi',
    1 => 'stay_api',
    2 => 'coupons_reduce',
  ),
)
[ info ] [ HEADER ] array (
  'connection' => 'close',
  'accept-encoding' => 'gzip, deflate, br',
  'host' => 'xicheng.com',
  'postman-token' => '4ce6577d-f1e3-4cab-8cf2-9ef42eaf19d1',
  'accept' => '*/*',
  'user-agent' => 'PostmanRuntime/7.26.5',
  'token' => '585a548703aaec1a4c20246e9eb3962948290bf74df893c49397eb9f0aaac777597376e64c35b364d18808abb4deb37e3eb2e7c85a541734d1ba208ad0f1a6c8cf575cdbd6df90033e870923ac4e4b77f17890321e46b785bf624123ce91f24e',
)
[ info ] [ PARAM ] array (
  'coupon_id' => '1',
)
[ info ] [ CACHE ] INIT File
[ info ] [ DB ] INIT mysql
[ info ] [ BEHAVIOR ] Run app\core\behavior\UserBehavior @init [ RunTime:0.184151s ]
[ info ] [ RUN ] app\ebapi\controller\StayApi->coupons_reduce[ D:\phpstudy_pro\WWW\xicheng\application\ebapi\controller\StayApi.php ]
[ info ] [ LOG ] INIT File
[ error ] [8]未定义变量: money[D:\phpstudy_pro\WWW\xicheng\application\ebapi\controller\StayApi.php:113]
[ error ] [0] Undefined variable: money [D:\phpstudy_pro\WWW\xicheng\application\ebapi\controller\StayApi.php : 113]
---------------------------------------------------------------
[ 2020-11-17T14:07:03+08:00 ] 127.0.0.1 GET xicheng.com/ebapi/activity_api/coupons_list
[运行时间：0.383366s] [吞吐率：2.61req/s] [内存消耗：3,902.48kb] [文件加载：79]
[ info ] [ LANG ] D:\phpstudy_pro\WWW\xicheng\thinkphp/lang/zh-cn.php
[ info ] [ ROUTE ] array (
  'type' => 'module',
  'module' => 
  array (
    0 => 'ebapi',
    1 => 'activity_api',
    2 => 'coupons_list',
  ),
)
[ info ] [ HEADER ] array (
  'connection' => 'close',
  'accept-encoding' => 'gzip, deflate, br',
  'host' => 'xicheng.com',
  'postman-token' => 'ff84c83c-411c-448b-b806-e1b9ad9313e2',
  'accept' => '*/*',
  'user-agent' => 'PostmanRuntime/7.26.5',
  'token' => '585a548703aaec1a4c20246e9eb3962948290bf74df893c49397eb9f0aaac777597376e64c35b364d18808abb4deb37e3eb2e7c85a541734d1ba208ad0f1a6c8cf575cdbd6df90033e870923ac4e4b77f17890321e46b785bf624123ce91f24e',
)
[ info ] [ PARAM ] array (
)
[ info ] [ CACHE ] INIT File
[ info ] [ DB ] INIT mysql
[ info ] [ BEHAVIOR ] Run app\core\behavior\UserBehavior @init [ RunTime:0.288518s ]
[ info ] [ RUN ] app\ebapi\controller\ActivityApi->coupons_list[ D:\phpstudy_pro\WWW\xicheng\application\ebapi\controller\ActivityApi.php ]
[ info ] [ LOG ] INIT File
[ error ] [10501]SQLSTATE[23000]: Integrity constraint violation: 1052 Column 'id' in field list is ambiguous[D:\phpstudy_pro\WWW\xicheng\thinkphp\library\think\db\Connection.php:385]
[ error ] [10501] SQLSTATE[23000]: Integrity constraint violation: 1052 Column 'id' in field list is ambiguous [D:\phpstudy_pro\WWW\xicheng\thinkphp\library\think\db\Connection.php : 385]
---------------------------------------------------------------
[ 2020-11-17T14:08:13+08:00 ] 127.0.0.1 GET xicheng.com/ebapi/activity_api/coupons_list
[运行时间：0.218309s] [吞吐率：4.58req/s] [内存消耗：3,902.48kb] [文件加载：79]
[ info ] [ LANG ] D:\phpstudy_pro\WWW\xicheng\thinkphp/lang/zh-cn.php
[ info ] [ ROUTE ] array (
  'type' => 'module',
  'module' => 
  array (
    0 => 'ebapi',
    1 => 'activity_api',
    2 => 'coupons_list',
  ),
)
[ info ] [ HEADER ] array (
  'connection' => 'close',
  'accept-encoding' => 'gzip, deflate, br',
  'host' => 'xicheng.com',
  'postman-token' => '60488149-4285-4162-b58c-ce6c7c61ad79',
  'accept' => '*/*',
  'user-agent' => 'PostmanRuntime/7.26.5',
  'token' => '585a548703aaec1a4c20246e9eb3962948290bf74df893c49397eb9f0aaac777597376e64c35b364d18808abb4deb37e3eb2e7c85a541734d1ba208ad0f1a6c8cf575cdbd6df90033e870923ac4e4b77f17890321e46b785bf624123ce91f24e',
)
[ info ] [ PARAM ] array (
)
[ info ] [ CACHE ] INIT File
[ info ] [ DB ] INIT mysql
[ info ] [ BEHAVIOR ] Run app\core\behavior\UserBehavior @init [ RunTime:0.160485s ]
[ info ] [ RUN ] app\ebapi\controller\ActivityApi->coupons_list[ D:\phpstudy_pro\WWW\xicheng\application\ebapi\controller\ActivityApi.php ]
[ info ] [ LOG ] INIT File
[ error ] [10501]SQLSTATE[23000]: Integrity constraint violation: 1052 Column 'id' in field list is ambiguous[D:\phpstudy_pro\WWW\xicheng\thinkphp\library\think\db\Connection.php:385]
[ error ] [10501] SQLSTATE[23000]: Integrity constraint violation: 1052 Column 'id' in field list is ambiguous [D:\phpstudy_pro\WWW\xicheng\thinkphp\library\think\db\Connection.php : 385]
