---------------------------------------------------------------
[ 2020-10-05T18:52:45+08:00 ] 127.0.0.1 GET www.2009_xicheng.com/mini/public_api/index
[运行时间：2.226729s] [吞吐率：0.45req/s] [内存消耗：2,858.80kb] [文件加载：71]
[ info ] [ LANG ] D:\phpStudy\PHPTutorial\WWW\2009_xicheng\thinkphp/lang/zh-cn.php
[ info ] [ ROUTE ] array (
  'type' => 'module',
  'module' => 
  array (
    0 => 'mini',
    1 => 'public_api',
    2 => 'index',
  ),
)
[ info ] [ HEADER ] array (
  'accept-encoding' => 'gzip, deflate',
  'referer' => 'https://servicewechat.com/wx4f945fc7fc1fe1fc/devtools/page-frame.html',
  'accept' => '*/*',
  'content-type' => 'application/json',
  'user-agent' => 'Mozilla/5.0 (iPhone; CPU iPhone OS 11_0 like Mac OS X) AppleWebKit/604.1.38 (KHTML, like Gecko) Version/11.0 Mobile/15A372 Safari/604.1 wechatdevtools/1.03.2008270 MicroMessenger/7.0.4 Language/zh_CN webview/',
  'connection' => 'close',
  'host' => 'www.2009_xicheng.com',
)
[ info ] [ PARAM ] array (
)
[ info ] [ CACHE ] INIT File
[ info ] [ DB ] INIT mysql
[ info ] [ RUN ] app\mini\controller\PublicApi->index[ D:\phpStudy\PHPTutorial\WWW\2009_xicheng\application\mini\controller\PublicApi.php ]
[ info ] [ LOG ] INIT File
---------------------------------------------------------------
[ 2020-10-05T18:53:00+08:00 ] 127.0.0.1 GET www.2009_xicheng.com/mini/activity_api/activity
[运行时间：2.095120s] [吞吐率：0.48req/s] [内存消耗：2,658.44kb] [文件加载：64]
[ info ] [ LANG ] D:\phpStudy\PHPTutorial\WWW\2009_xicheng\thinkphp/lang/zh-cn.php
[ info ] [ ROUTE ] array (
  'type' => 'module',
  'module' => 
  array (
    0 => 'mini',
    1 => 'activity_api',
    2 => 'activity',
  ),
)
[ info ] [ HEADER ] array (
  'accept-encoding' => 'gzip, deflate',
  'referer' => 'https://servicewechat.com/wx4f945fc7fc1fe1fc/devtools/page-frame.html',
  'accept' => '*/*',
  'content-type' => 'application/json',
  'user-agent' => 'Mozilla/5.0 (iPhone; CPU iPhone OS 11_0 like Mac OS X) AppleWebKit/604.1.38 (KHTML, like Gecko) Version/11.0 Mobile/15A372 Safari/604.1 wechatdevtools/1.03.2008270 MicroMessenger/7.0.4 Language/zh_CN webview/',
  'connection' => 'close',
  'host' => 'www.2009_xicheng.com',
)
[ info ] [ PARAM ] array (
)
[ info ] [ CACHE ] INIT File
[ info ] [ DB ] INIT mysql
[ info ] [ RUN ] app\mini\controller\ActivityApi->activity[ D:\phpStudy\PHPTutorial\WWW\2009_xicheng\application\mini\controller\ActivityApi.php ]
[ info ] [ LOG ] INIT File
---------------------------------------------------------------
[ 2020-10-05T18:53:04+08:00 ] 127.0.0.1 GET www.2009_xicheng.com/mini/activity_api/activity?page=2
[运行时间：2.090580s] [吞吐率：0.48req/s] [内存消耗：2,657.07kb] [文件加载：64]
[ info ] [ LANG ] D:\phpStudy\PHPTutorial\WWW\2009_xicheng\thinkphp/lang/zh-cn.php
[ info ] [ ROUTE ] array (
  'type' => 'module',
  'module' => 
  array (
    0 => 'mini',
    1 => 'activity_api',
    2 => 'activity',
  ),
)
[ info ] [ HEADER ] array (
  'accept-encoding' => 'gzip, deflate',
  'referer' => 'https://servicewechat.com/wx4f945fc7fc1fe1fc/devtools/page-frame.html',
  'accept' => '*/*',
  'content-type' => 'application/json',
  'user-agent' => 'Mozilla/5.0 (iPhone; CPU iPhone OS 11_0 like Mac OS X) AppleWebKit/604.1.38 (KHTML, like Gecko) Version/11.0 Mobile/15A372 Safari/604.1 wechatdevtools/1.03.2008270 MicroMessenger/7.0.4 Language/zh_CN webview/',
  'connection' => 'close',
  'host' => 'www.2009_xicheng.com',
)
[ info ] [ PARAM ] array (
  'page' => '2',
)
[ info ] [ CACHE ] INIT File
[ info ] [ DB ] INIT mysql
[ info ] [ RUN ] app\mini\controller\ActivityApi->activity[ D:\phpStudy\PHPTutorial\WWW\2009_xicheng\application\mini\controller\ActivityApi.php ]
[ info ] [ LOG ] INIT File
---------------------------------------------------------------
[ 2020-10-05T18:53:06+08:00 ] 127.0.0.1 GET www.2009_xicheng.com/mini/activity_api/activity?page=2
[运行时间：2.123446s] [吞吐率：0.47req/s] [内存消耗：2,657.07kb] [文件加载：64]
[ info ] [ LANG ] D:\phpStudy\PHPTutorial\WWW\2009_xicheng\thinkphp/lang/zh-cn.php
[ info ] [ ROUTE ] array (
  'type' => 'module',
  'module' => 
  array (
    0 => 'mini',
    1 => 'activity_api',
    2 => 'activity',
  ),
)
[ info ] [ HEADER ] array (
  'accept-encoding' => 'gzip, deflate',
  'referer' => 'https://servicewechat.com/wx4f945fc7fc1fe1fc/devtools/page-frame.html',
  'accept' => '*/*',
  'content-type' => 'application/json',
  'user-agent' => 'Mozilla/5.0 (iPhone; CPU iPhone OS 11_0 like Mac OS X) AppleWebKit/604.1.38 (KHTML, like Gecko) Version/11.0 Mobile/15A372 Safari/604.1 wechatdevtools/1.03.2008270 MicroMessenger/7.0.4 Language/zh_CN webview/',
  'connection' => 'close',
  'host' => 'www.2009_xicheng.com',
)
[ info ] [ PARAM ] array (
  'page' => '2',
)
[ info ] [ CACHE ] INIT File
[ info ] [ DB ] INIT mysql
[ info ] [ RUN ] app\mini\controller\ActivityApi->activity[ D:\phpStudy\PHPTutorial\WWW\2009_xicheng\application\mini\controller\ActivityApi.php ]
[ info ] [ LOG ] INIT File
---------------------------------------------------------------
[ 2020-10-05T18:53:26+08:00 ] 127.0.0.1 GET www.2009_xicheng.com/mini/shop_api/shop_cate_list
[运行时间：2.101511s] [吞吐率：0.48req/s] [内存消耗：2,630.27kb] [文件加载：64]
[ info ] [ LANG ] D:\phpStudy\PHPTutorial\WWW\2009_xicheng\thinkphp/lang/zh-cn.php
[ info ] [ ROUTE ] array (
  'type' => 'module',
  'module' => 
  array (
    0 => 'mini',
    1 => 'shop_api',
    2 => 'shop_cate_list',
  ),
)
[ info ] [ HEADER ] array (
  'accept-encoding' => 'gzip, deflate',
  'referer' => 'https://servicewechat.com/wx4f945fc7fc1fe1fc/devtools/page-frame.html',
  'accept' => '*/*',
  'content-type' => 'application/json',
  'user-agent' => 'Mozilla/5.0 (iPhone; CPU iPhone OS 11_0 like Mac OS X) AppleWebKit/604.1.38 (KHTML, like Gecko) Version/11.0 Mobile/15A372 Safari/604.1 wechatdevtools/1.03.2008270 MicroMessenger/7.0.4 Language/zh_CN webview/',
  'connection' => 'close',
  'host' => 'www.2009_xicheng.com',
)
[ info ] [ PARAM ] array (
)
[ info ] [ CACHE ] INIT File
[ info ] [ DB ] INIT mysql
[ info ] [ RUN ] app\mini\controller\ShopApi->shop_cate_list[ D:\phpStudy\PHPTutorial\WWW\2009_xicheng\application\mini\controller\ShopApi.php ]
[ info ] [ LOG ] INIT File
---------------------------------------------------------------
[ 2020-10-05T18:53:27+08:00 ] 127.0.0.1 GET www.2009_xicheng.com/mini/shop_api/shop_list
[运行时间：2.108951s] [吞吐率：0.47req/s] [内存消耗：2,644.69kb] [文件加载：64]
[ info ] [ LANG ] D:\phpStudy\PHPTutorial\WWW\2009_xicheng\thinkphp/lang/zh-cn.php
[ info ] [ ROUTE ] array (
  'type' => 'module',
  'module' => 
  array (
    0 => 'mini',
    1 => 'shop_api',
    2 => 'shop_list',
  ),
)
[ info ] [ HEADER ] array (
  'accept-encoding' => 'gzip, deflate',
  'referer' => 'https://servicewechat.com/wx4f945fc7fc1fe1fc/devtools/page-frame.html',
  'accept' => '*/*',
  'content-type' => 'application/json',
  'user-agent' => 'Mozilla/5.0 (iPhone; CPU iPhone OS 11_0 like Mac OS X) AppleWebKit/604.1.38 (KHTML, like Gecko) Version/11.0 Mobile/15A372 Safari/604.1 wechatdevtools/1.03.2008270 MicroMessenger/7.0.4 Language/zh_CN webview/',
  'connection' => 'close',
  'host' => 'www.2009_xicheng.com',
)
[ info ] [ PARAM ] array (
)
[ info ] [ CACHE ] INIT File
[ info ] [ DB ] INIT mysql
[ info ] [ RUN ] app\mini\controller\ShopApi->shop_list[ D:\phpStudy\PHPTutorial\WWW\2009_xicheng\application\mini\controller\ShopApi.php ]
[ info ] [ LOG ] INIT File
---------------------------------------------------------------
[ 2020-10-05T18:53:30+08:00 ] 127.0.0.1 GET www.2009_xicheng.com/mini/shop_api/shop_list?cate_id=0&page=2
[运行时间：2.113002s] [吞吐率：0.47req/s] [内存消耗：2,640.45kb] [文件加载：64]
[ info ] [ LANG ] D:\phpStudy\PHPTutorial\WWW\2009_xicheng\thinkphp/lang/zh-cn.php
[ info ] [ ROUTE ] array (
  'type' => 'module',
  'module' => 
  array (
    0 => 'mini',
    1 => 'shop_api',
    2 => 'shop_list',
  ),
)
[ info ] [ HEADER ] array (
  'accept-encoding' => 'gzip, deflate',
  'referer' => 'https://servicewechat.com/wx4f945fc7fc1fe1fc/devtools/page-frame.html',
  'accept' => '*/*',
  'content-type' => 'application/json',
  'user-agent' => 'Mozilla/5.0 (iPhone; CPU iPhone OS 11_0 like Mac OS X) AppleWebKit/604.1.38 (KHTML, like Gecko) Version/11.0 Mobile/15A372 Safari/604.1 wechatdevtools/1.03.2008270 MicroMessenger/7.0.4 Language/zh_CN webview/',
  'connection' => 'close',
  'host' => 'www.2009_xicheng.com',
)
[ info ] [ PARAM ] array (
  'cate_id' => '0',
  'page' => '2',
)
[ info ] [ CACHE ] INIT File
[ info ] [ DB ] INIT mysql
[ info ] [ RUN ] app\mini\controller\ShopApi->shop_list[ D:\phpStudy\PHPTutorial\WWW\2009_xicheng\application\mini\controller\ShopApi.php ]
[ info ] [ LOG ] INIT File
---------------------------------------------------------------
[ 2020-10-05T18:54:16+08:00 ] 127.0.0.1 GET www.2009_xicheng.com/mini/activity_api/activity
[运行时间：2.112089s] [吞吐率：0.47req/s] [内存消耗：2,658.44kb] [文件加载：64]
[ info ] [ LANG ] D:\phpStudy\PHPTutorial\WWW\2009_xicheng\thinkphp/lang/zh-cn.php
[ info ] [ ROUTE ] array (
  'type' => 'module',
  'module' => 
  array (
    0 => 'mini',
    1 => 'activity_api',
    2 => 'activity',
  ),
)
[ info ] [ HEADER ] array (
  'accept-encoding' => 'gzip, deflate',
  'referer' => 'https://servicewechat.com/wx4f945fc7fc1fe1fc/devtools/page-frame.html',
  'accept' => '*/*',
  'content-type' => 'application/json',
  'user-agent' => 'Mozilla/5.0 (iPhone; CPU iPhone OS 11_0 like Mac OS X) AppleWebKit/604.1.38 (KHTML, like Gecko) Version/11.0 Mobile/15A372 Safari/604.1 wechatdevtools/1.03.2008270 MicroMessenger/7.0.4 Language/zh_CN webview/',
  'connection' => 'close',
  'host' => 'www.2009_xicheng.com',
)
[ info ] [ PARAM ] array (
)
[ info ] [ CACHE ] INIT File
[ info ] [ DB ] INIT mysql
[ info ] [ RUN ] app\mini\controller\ActivityApi->activity[ D:\phpStudy\PHPTutorial\WWW\2009_xicheng\application\mini\controller\ActivityApi.php ]
[ info ] [ LOG ] INIT File
