---------------------------------------------------------------
[ 2020-11-12T11:28:31+08:00 ] 192.168.1.121 GET www.2009_xicheng.com/admin
[运行时间：0.079001s] [吞吐率：12.66req/s] [内存消耗：2,026.12kb] [文件加载：55]
[ info ] [ LANG ] D:\phpStudy\PHPTutorial\WWW\2009_xicheng\thinkphp/lang/zh-cn.php
[ info ] [ ROUTE ] array (
  'type' => 'module',
  'module' => 
  array (
    0 => 'admin',
    1 => NULL,
    2 => NULL,
  ),
)
[ info ] [ HEADER ] array (
  'accept-language' => 'zh-CN,zh;q=0.9',
  'accept-encoding' => 'gzip, deflate',
  'accept' => 'text/html,application/xhtml+xml,application/xml;q=0.9,image/avif,image/webp,image/apng,*/*;q=0.8,application/signed-exchange;v=b3;q=0.9',
  'user-agent' => 'Mozilla/5.0 (Windows NT 10.0; WOW64) AppleWebKit/537.36 (KHTML, like Gecko) Chrome/86.0.4240.111 Safari/537.36',
  'upgrade-insecure-requests' => '1',
  'cache-control' => 'max-age=0',
  'connection' => 'close',
  'host' => 'www.2009_xicheng.com',
)
[ info ] [ PARAM ] array (
)
[ info ] [ SESSION ] INIT array (
  'prefix' => 'admin',
  'type' => '',
  'auto_start' => true,
)
[ info ] [ LOG ] INIT File
---------------------------------------------------------------
[ 2020-11-12T11:28:31+08:00 ] 192.168.1.121 GET www.2009_xicheng.com/admin/login/index.html
[运行时间：0.024355s] [吞吐率：41.06req/s] [内存消耗：1,550.35kb] [文件加载：49]
[ info ] [ LANG ] D:\phpStudy\PHPTutorial\WWW\2009_xicheng\thinkphp/lang/zh-cn.php
[ info ] [ ROUTE ] array (
  'type' => 'module',
  'module' => 
  array (
    0 => 'admin',
    1 => 'login',
    2 => 'index',
  ),
)
[ info ] [ HEADER ] array (
  'cookie' => 'PHPSESSID=u38u69u08cdprum011v7ace9mn',
  'accept-language' => 'zh-CN,zh;q=0.9',
  'accept-encoding' => 'gzip, deflate',
  'accept' => 'text/html,application/xhtml+xml,application/xml;q=0.9,image/avif,image/webp,image/apng,*/*;q=0.8,application/signed-exchange;v=b3;q=0.9',
  'user-agent' => 'Mozilla/5.0 (Windows NT 10.0; WOW64) AppleWebKit/537.36 (KHTML, like Gecko) Chrome/86.0.4240.111 Safari/537.36',
  'upgrade-insecure-requests' => '1',
  'cache-control' => 'max-age=0',
  'connection' => 'close',
  'host' => 'www.2009_xicheng.com',
)
[ info ] [ PARAM ] array (
)
[ info ] [ RUN ] app\admin\controller\Login->index[ D:\phpStudy\PHPTutorial\WWW\2009_xicheng\application\admin\controller\Login.php ]
[ info ] [ SESSION ] INIT array (
  'prefix' => 'admin',
  'type' => '',
  'auto_start' => true,
)
[ info ] [ VIEW ] D:\phpStudy\PHPTutorial\WWW\2009_xicheng/application/admin/view/login/index.php [ array (
) ]
[ info ] [ LOG ] INIT File
---------------------------------------------------------------
[ 2020-11-12T11:28:31+08:00 ] 192.168.1.121 GET www.2009_xicheng.com/admin/login/captcha.html
[运行时间：0.042212s] [吞吐率：23.69req/s] [内存消耗：1,548.39kb] [文件加载：48]
[ info ] [ LANG ] D:\phpStudy\PHPTutorial\WWW\2009_xicheng\thinkphp/lang/zh-cn.php
[ info ] [ ROUTE ] array (
  'type' => 'module',
  'module' => 
  array (
    0 => 'admin',
    1 => 'login',
    2 => 'captcha',
  ),
)
[ info ] [ HEADER ] array (
  'cookie' => 'PHPSESSID=u38u69u08cdprum011v7ace9mn',
  'accept-language' => 'zh-CN,zh;q=0.9',
  'accept-encoding' => 'gzip, deflate',
  'referer' => 'http://www.2009_xicheng.com/admin/login/index.html',
  'accept' => 'image/avif,image/webp,image/apng,image/*,*/*;q=0.8',
  'user-agent' => 'Mozilla/5.0 (Windows NT 10.0; WOW64) AppleWebKit/537.36 (KHTML, like Gecko) Chrome/86.0.4240.111 Safari/537.36',
  'connection' => 'close',
  'host' => 'www.2009_xicheng.com',
)
[ info ] [ PARAM ] array (
)
[ info ] [ RUN ] app\admin\controller\Login->captcha[ D:\phpStudy\PHPTutorial\WWW\2009_xicheng\application\admin\controller\Login.php ]
[ info ] [ SESSION ] INIT array (
  'prefix' => 'admin',
  'type' => '',
  'auto_start' => true,
)
[ info ] [ LOG ] INIT File
---------------------------------------------------------------
[ 2020-11-12T11:28:44+08:00 ] 192.168.1.121 POST www.2009_xicheng.com/admin/login/verify.html
[运行时间：2.119962s] [吞吐率：0.47req/s] [内存消耗：2,663.98kb] [文件加载：68]
[ info ] [ LANG ] D:\phpStudy\PHPTutorial\WWW\2009_xicheng\thinkphp/lang/zh-cn.php
[ info ] [ ROUTE ] array (
  'type' => 'module',
  'module' => 
  array (
    0 => 'admin',
    1 => 'login',
    2 => 'verify',
  ),
)
[ info ] [ HEADER ] array (
  'cookie' => 'PHPSESSID=u38u69u08cdprum011v7ace9mn',
  'accept-language' => 'zh-CN,zh;q=0.9',
  'accept-encoding' => 'gzip, deflate',
  'referer' => 'http://www.2009_xicheng.com/admin/login/index.html',
  'accept' => 'text/html,application/xhtml+xml,application/xml;q=0.9,image/avif,image/webp,image/apng,*/*;q=0.8,application/signed-exchange;v=b3;q=0.9',
  'user-agent' => 'Mozilla/5.0 (Windows NT 10.0; WOW64) AppleWebKit/537.36 (KHTML, like Gecko) Chrome/86.0.4240.111 Safari/537.36',
  'content-type' => 'application/x-www-form-urlencoded',
  'origin' => 'http://www.2009_xicheng.com',
  'upgrade-insecure-requests' => '1',
  'cache-control' => 'max-age=0',
  'content-length' => '36',
  'connection' => 'close',
  'host' => 'www.2009_xicheng.com',
)
[ info ] [ PARAM ] array (
  'account' => 'admin',
  'pwd' => '123456',
  'verify' => '9145',
)
[ info ] [ RUN ] app\admin\controller\Login->verify[ D:\phpStudy\PHPTutorial\WWW\2009_xicheng\application\admin\controller\Login.php ]
[ info ] [ SESSION ] INIT array (
  'prefix' => 'admin',
  'type' => '',
  'auto_start' => true,
)
[ info ] [ DB ] INIT mysql
[ info ] [ CACHE ] INIT File
[ info ] [ BEHAVIOR ] Run behavior\admin\SystemBehavior @system_admin_login_after [ RunTime:0.005548s ]
[ info ] [ LOG ] INIT File
---------------------------------------------------------------
[ 2020-11-12T11:28:46+08:00 ] 192.168.1.121 GET www.2009_xicheng.com/admin/index/index.html
[运行时间：2.133281s] [吞吐率：0.47req/s] [内存消耗：2,932.56kb] [文件加载：67]
[ info ] [ LANG ] D:\phpStudy\PHPTutorial\WWW\2009_xicheng\thinkphp/lang/zh-cn.php
[ info ] [ ROUTE ] array (
  'type' => 'module',
  'module' => 
  array (
    0 => 'admin',
    1 => 'index',
    2 => 'index',
  ),
)
[ info ] [ HEADER ] array (
  'cookie' => 'PHPSESSID=u38u69u08cdprum011v7ace9mn',
  'accept-language' => 'zh-CN,zh;q=0.9',
  'accept-encoding' => 'gzip, deflate',
  'referer' => 'http://www.2009_xicheng.com/admin/login/index.html',
  'accept' => 'text/html,application/xhtml+xml,application/xml;q=0.9,image/avif,image/webp,image/apng,*/*;q=0.8,application/signed-exchange;v=b3;q=0.9',
  'user-agent' => 'Mozilla/5.0 (Windows NT 10.0; WOW64) AppleWebKit/537.36 (KHTML, like Gecko) Chrome/86.0.4240.111 Safari/537.36',
  'upgrade-insecure-requests' => '1',
  'cache-control' => 'max-age=0',
  'connection' => 'close',
  'host' => 'www.2009_xicheng.com',
)
[ info ] [ PARAM ] array (
)
[ info ] [ SESSION ] INIT array (
  'prefix' => 'admin',
  'type' => '',
  'auto_start' => true,
)
[ info ] [ DB ] INIT mysql
[ info ] [ BEHAVIOR ] Run behavior\admin\SystemBehavior @admin_visit [ RunTime:0.000015s ]
[ info ] [ RUN ] app\admin\controller\Index->index[ D:\phpStudy\PHPTutorial\WWW\2009_xicheng\application\admin\controller\Index.php ]
[ info ] [ VIEW ] D:\phpStudy\PHPTutorial\WWW\2009_xicheng/application/admin/view/index/index.php [ array (
  0 => '_admin',
  1 => 'menuList',
  2 => 'site_logo',
  3 => 'role_name',
) ]
[ info ] [ LOG ] INIT File
---------------------------------------------------------------
[ 2020-11-12T11:28:47+08:00 ] 192.168.1.121 POST www.2009_xicheng.com/admin/login/verify.html
[运行时间：0.033416s] [吞吐率：29.93req/s] [内存消耗：1,949.09kb] [文件加载：53]
[ info ] [ LANG ] D:\phpStudy\PHPTutorial\WWW\2009_xicheng\thinkphp/lang/zh-cn.php
[ info ] [ ROUTE ] array (
  'type' => 'module',
  'module' => 
  array (
    0 => 'admin',
    1 => 'login',
    2 => 'verify',
  ),
)
[ info ] [ HEADER ] array (
  'cookie' => 'PHPSESSID=u38u69u08cdprum011v7ace9mn',
  'accept-language' => 'zh-CN,zh;q=0.9',
  'accept-encoding' => 'gzip, deflate',
  'referer' => 'http://www.2009_xicheng.com/admin/login/index.html',
  'accept' => 'text/html,application/xhtml+xml,application/xml;q=0.9,image/avif,image/webp,image/apng,*/*;q=0.8,application/signed-exchange;v=b3;q=0.9',
  'user-agent' => 'Mozilla/5.0 (Windows NT 10.0; WOW64) AppleWebKit/537.36 (KHTML, like Gecko) Chrome/86.0.4240.111 Safari/537.36',
  'content-type' => 'application/x-www-form-urlencoded',
  'origin' => 'http://www.2009_xicheng.com',
  'upgrade-insecure-requests' => '1',
  'cache-control' => 'max-age=0',
  'content-length' => '36',
  'connection' => 'close',
  'host' => 'www.2009_xicheng.com',
)
[ info ] [ PARAM ] array (
  'account' => 'admin',
  'pwd' => '123456',
  'verify' => '9145',
)
[ info ] [ RUN ] app\admin\controller\Login->verify[ D:\phpStudy\PHPTutorial\WWW\2009_xicheng\application\admin\controller\Login.php ]
[ info ] [ SESSION ] INIT array (
  'prefix' => 'admin',
  'type' => '',
  'auto_start' => true,
)
[ info ] [ VIEW ] D:\phpStudy\PHPTutorial\WWW\2009_xicheng/application/admin/view/public/error.php [ array (
  0 => 'msg',
  1 => 'url',
) ]
[ info ] [ LOG ] INIT File
---------------------------------------------------------------
[ 2020-11-12T11:28:52+08:00 ] 192.168.1.121 GET www.2009_xicheng.com/admin/login/0
[运行时间：0.023051s] [吞吐率：43.38req/s] [内存消耗：1,900.07kb] [文件加载：54]
[ info ] [ LANG ] D:\phpStudy\PHPTutorial\WWW\2009_xicheng\thinkphp/lang/zh-cn.php
[ info ] [ ROUTE ] array (
  'type' => 'module',
  'module' => 
  array (
    0 => 'admin',
    1 => 'login',
    2 => '0',
  ),
)
[ info ] [ HEADER ] array (
  'cookie' => 'PHPSESSID=u38u69u08cdprum011v7ace9mn',
  'accept-language' => 'zh-CN,zh;q=0.9',
  'accept-encoding' => 'gzip, deflate',
  'referer' => 'http://www.2009_xicheng.com/admin/login/verify.html',
  'accept' => 'text/html,application/xhtml+xml,application/xml;q=0.9,image/avif,image/webp,image/apng,*/*;q=0.8,application/signed-exchange;v=b3;q=0.9',
  'user-agent' => 'Mozilla/5.0 (Windows NT 10.0; WOW64) AppleWebKit/537.36 (KHTML, like Gecko) Chrome/86.0.4240.111 Safari/537.36',
  'upgrade-insecure-requests' => '1',
  'connection' => 'close',
  'host' => 'www.2009_xicheng.com',
)
[ info ] [ PARAM ] array (
)
[ info ] [ RUN ] app\admin\controller\Login->index[ D:\phpStudy\PHPTutorial\WWW\2009_xicheng\application\admin\controller\Login.php ]
[ info ] [ SESSION ] INIT array (
  'prefix' => 'admin',
  'type' => '',
  'auto_start' => true,
)
[ info ] [ LOG ] INIT File
---------------------------------------------------------------
[ 2020-11-12T11:28:55+08:00 ] 192.168.1.121 GET www.2009_xicheng.com/admin/index/index.html
[运行时间：2.105540s] [吞吐率：0.47req/s] [内存消耗：2,932.25kb] [文件加载：67]
[ info ] [ LANG ] D:\phpStudy\PHPTutorial\WWW\2009_xicheng\thinkphp/lang/zh-cn.php
[ info ] [ ROUTE ] array (
  'type' => 'module',
  'module' => 
  array (
    0 => 'admin',
    1 => 'index',
    2 => 'index',
  ),
)
[ info ] [ HEADER ] array (
  'cookie' => 'PHPSESSID=u38u69u08cdprum011v7ace9mn',
  'accept-language' => 'zh-CN,zh;q=0.9',
  'accept-encoding' => 'gzip, deflate',
  'referer' => 'http://www.2009_xicheng.com/admin/login/verify.html',
  'accept' => 'text/html,application/xhtml+xml,application/xml;q=0.9,image/avif,image/webp,image/apng,*/*;q=0.8,application/signed-exchange;v=b3;q=0.9',
  'user-agent' => 'Mozilla/5.0 (Windows NT 10.0; WOW64) AppleWebKit/537.36 (KHTML, like Gecko) Chrome/86.0.4240.111 Safari/537.36',
  'upgrade-insecure-requests' => '1',
  'connection' => 'close',
  'host' => 'www.2009_xicheng.com',
)
[ info ] [ PARAM ] array (
)
[ info ] [ SESSION ] INIT array (
  'prefix' => 'admin',
  'type' => '',
  'auto_start' => true,
)
[ info ] [ DB ] INIT mysql
[ info ] [ BEHAVIOR ] Run behavior\admin\SystemBehavior @admin_visit [ RunTime:0.000015s ]
[ info ] [ RUN ] app\admin\controller\Index->index[ D:\phpStudy\PHPTutorial\WWW\2009_xicheng\application\admin\controller\Index.php ]
[ info ] [ VIEW ] D:\phpStudy\PHPTutorial\WWW\2009_xicheng/application/admin/view/index/index.php [ array (
  0 => '_admin',
  1 => 'menuList',
  2 => 'site_logo',
  3 => 'role_name',
) ]
[ info ] [ LOG ] INIT File
---------------------------------------------------------------
[ 2020-11-12T11:28:57+08:00 ] 192.168.1.121 GET www.2009_xicheng.com/admin/index/main.html
[运行时间：2.152426s] [吞吐率：0.46req/s] [内存消耗：3,453.15kb] [文件加载：73]
[ info ] [ LANG ] D:\phpStudy\PHPTutorial\WWW\2009_xicheng\thinkphp/lang/zh-cn.php
[ info ] [ ROUTE ] array (
  'type' => 'module',
  'module' => 
  array (
    0 => 'admin',
    1 => 'index',
    2 => 'main',
  ),
)
[ info ] [ HEADER ] array (
  'cookie' => 'PHPSESSID=u38u69u08cdprum011v7ace9mn',
  'accept-language' => 'zh-CN,zh;q=0.9',
  'accept-encoding' => 'gzip, deflate',
  'referer' => 'http://www.2009_xicheng.com/admin/index/index.html',
  'accept' => 'text/html,application/xhtml+xml,application/xml;q=0.9,image/avif,image/webp,image/apng,*/*;q=0.8,application/signed-exchange;v=b3;q=0.9',
  'user-agent' => 'Mozilla/5.0 (Windows NT 10.0; WOW64) AppleWebKit/537.36 (KHTML, like Gecko) Chrome/86.0.4240.111 Safari/537.36',
  'upgrade-insecure-requests' => '1',
  'connection' => 'close',
  'host' => 'www.2009_xicheng.com',
)
[ info ] [ PARAM ] array (
)
[ info ] [ SESSION ] INIT array (
  'prefix' => 'admin',
  'type' => '',
  'auto_start' => true,
)
[ info ] [ DB ] INIT mysql
[ info ] [ BEHAVIOR ] Run behavior\admin\SystemBehavior @admin_visit [ RunTime:0.000016s ]
[ info ] [ RUN ] app\admin\controller\Index->main[ D:\phpStudy\PHPTutorial\WWW\2009_xicheng\application\admin\controller\Index.php ]
[ info ] [ CACHE ] INIT File
[ info ] [ VIEW ] D:\phpStudy\PHPTutorial\WWW\2009_xicheng/application/admin/view/index/main.php [ array (
  0 => '_admin',
  1 => 'first_line',
  2 => 'second_line',
  3 => 'topData',
) ]
[ info ] [ LOG ] INIT File
---------------------------------------------------------------
[ 2020-11-12T11:28:59+08:00 ] 192.168.1.121 GET www.2009_xicheng.com/admin/index/jnotice.html
[运行时间：3.047730s] [吞吐率：0.33req/s] [内存消耗：3,466.45kb] [文件加载：75]
[ info ] [ LANG ] D:\phpStudy\PHPTutorial\WWW\2009_xicheng\thinkphp/lang/zh-cn.php
[ info ] [ ROUTE ] array (
  'type' => 'module',
  'module' => 
  array (
    0 => 'admin',
    1 => 'index',
    2 => 'jnotice',
  ),
)
[ info ] [ HEADER ] array (
  'cookie' => 'PHPSESSID=u38u69u08cdprum011v7ace9mn',
  'accept-language' => 'zh-CN,zh;q=0.9',
  'accept-encoding' => 'gzip, deflate',
  'referer' => 'http://www.2009_xicheng.com/admin/index/index.html',
  'x-requested-with' => 'XMLHttpRequest',
  'user-agent' => 'Mozilla/5.0 (Windows NT 10.0; WOW64) AppleWebKit/537.36 (KHTML, like Gecko) Chrome/86.0.4240.111 Safari/537.36',
  'accept' => 'application/json, text/javascript, */*; q=0.01',
  'connection' => 'close',
  'host' => 'www.2009_xicheng.com',
)
[ info ] [ PARAM ] array (
)
[ info ] [ SESSION ] INIT array (
  'prefix' => 'admin',
  'type' => '',
  'auto_start' => true,
)
[ info ] [ DB ] INIT mysql
[ info ] [ BEHAVIOR ] Run behavior\admin\SystemBehavior @admin_visit [ RunTime:0.000015s ]
[ info ] [ RUN ] app\admin\controller\Index->Jnotice[ D:\phpStudy\PHPTutorial\WWW\2009_xicheng\application\admin\controller\Index.php ]
[ info ] [ CACHE ] INIT File
[ info ] [ LOG ] INIT File
---------------------------------------------------------------
[ 2020-11-12T11:29:04+08:00 ] 192.168.1.121 GET www.2009_xicheng.com/admin/index/index.html
[运行时间：2.123404s] [吞吐率：0.47req/s] [内存消耗：2,932.56kb] [文件加载：67]
[ info ] [ LANG ] D:\phpStudy\PHPTutorial\WWW\2009_xicheng\thinkphp/lang/zh-cn.php
[ info ] [ ROUTE ] array (
  'type' => 'module',
  'module' => 
  array (
    0 => 'admin',
    1 => 'index',
    2 => 'index',
  ),
)
[ info ] [ HEADER ] array (
  'cookie' => 'PHPSESSID=u38u69u08cdprum011v7ace9mn',
  'accept-language' => 'zh-CN,zh;q=0.9',
  'accept-encoding' => 'gzip, deflate',
  'referer' => 'http://www.2009_xicheng.com/admin/login/verify.html',
  'accept' => 'text/html,application/xhtml+xml,application/xml;q=0.9,image/avif,image/webp,image/apng,*/*;q=0.8,application/signed-exchange;v=b3;q=0.9',
  'user-agent' => 'Mozilla/5.0 (Windows NT 10.0; WOW64) AppleWebKit/537.36 (KHTML, like Gecko) Chrome/86.0.4240.111 Safari/537.36',
  'upgrade-insecure-requests' => '1',
  'cache-control' => 'max-age=0',
  'connection' => 'close',
  'host' => 'www.2009_xicheng.com',
)
[ info ] [ PARAM ] array (
)
[ info ] [ SESSION ] INIT array (
  'prefix' => 'admin',
  'type' => '',
  'auto_start' => true,
)
[ info ] [ DB ] INIT mysql
[ info ] [ BEHAVIOR ] Run behavior\admin\SystemBehavior @admin_visit [ RunTime:0.000052s ]
[ info ] [ RUN ] app\admin\controller\Index->index[ D:\phpStudy\PHPTutorial\WWW\2009_xicheng\application\admin\controller\Index.php ]
[ info ] [ VIEW ] D:\phpStudy\PHPTutorial\WWW\2009_xicheng/application/admin/view/index/index.php [ array (
  0 => '_admin',
  1 => 'menuList',
  2 => 'site_logo',
  3 => 'role_name',
) ]
[ info ] [ LOG ] INIT File
---------------------------------------------------------------
[ 2020-11-12T11:29:07+08:00 ] 192.168.1.121 GET www.2009_xicheng.com/admin/index/main.html
[运行时间：2.180776s] [吞吐率：0.46req/s] [内存消耗：3,453.15kb] [文件加载：73]
[ info ] [ LANG ] D:\phpStudy\PHPTutorial\WWW\2009_xicheng\thinkphp/lang/zh-cn.php
[ info ] [ ROUTE ] array (
  'type' => 'module',
  'module' => 
  array (
    0 => 'admin',
    1 => 'index',
    2 => 'main',
  ),
)
[ info ] [ HEADER ] array (
  'cookie' => 'PHPSESSID=u38u69u08cdprum011v7ace9mn',
  'accept-language' => 'zh-CN,zh;q=0.9',
  'accept-encoding' => 'gzip, deflate',
  'referer' => 'http://www.2009_xicheng.com/admin/index/index.html',
  'accept' => 'text/html,application/xhtml+xml,application/xml;q=0.9,image/avif,image/webp,image/apng,*/*;q=0.8,application/signed-exchange;v=b3;q=0.9',
  'user-agent' => 'Mozilla/5.0 (Windows NT 10.0; WOW64) AppleWebKit/537.36 (KHTML, like Gecko) Chrome/86.0.4240.111 Safari/537.36',
  'upgrade-insecure-requests' => '1',
  'connection' => 'close',
  'host' => 'www.2009_xicheng.com',
)
[ info ] [ PARAM ] array (
)
[ info ] [ SESSION ] INIT array (
  'prefix' => 'admin',
  'type' => '',
  'auto_start' => true,
)
[ info ] [ DB ] INIT mysql
[ info ] [ BEHAVIOR ] Run behavior\admin\SystemBehavior @admin_visit [ RunTime:0.000021s ]
[ info ] [ RUN ] app\admin\controller\Index->main[ D:\phpStudy\PHPTutorial\WWW\2009_xicheng\application\admin\controller\Index.php ]
[ info ] [ CACHE ] INIT File
[ info ] [ VIEW ] D:\phpStudy\PHPTutorial\WWW\2009_xicheng/application/admin/view/index/main.php [ array (
  0 => '_admin',
  1 => 'first_line',
  2 => 'second_line',
  3 => 'topData',
) ]
[ info ] [ LOG ] INIT File
---------------------------------------------------------------
[ 2020-11-12T11:29:09+08:00 ] 192.168.1.121 GET www.2009_xicheng.com/admin/index/jnotice.html
[运行时间：4.220772s] [吞吐率：0.24req/s] [内存消耗：3,466.45kb] [文件加载：75]
[ info ] [ LANG ] D:\phpStudy\PHPTutorial\WWW\2009_xicheng\thinkphp/lang/zh-cn.php
[ info ] [ ROUTE ] array (
  'type' => 'module',
  'module' => 
  array (
    0 => 'admin',
    1 => 'index',
    2 => 'jnotice',
  ),
)
[ info ] [ HEADER ] array (
  'cookie' => 'PHPSESSID=u38u69u08cdprum011v7ace9mn',
  'accept-language' => 'zh-CN,zh;q=0.9',
  'accept-encoding' => 'gzip, deflate',
  'referer' => 'http://www.2009_xicheng.com/admin/index/index.html',
  'x-requested-with' => 'XMLHttpRequest',
  'user-agent' => 'Mozilla/5.0 (Windows NT 10.0; WOW64) AppleWebKit/537.36 (KHTML, like Gecko) Chrome/86.0.4240.111 Safari/537.36',
  'accept' => 'application/json, text/javascript, */*; q=0.01',
  'connection' => 'close',
  'host' => 'www.2009_xicheng.com',
)
[ info ] [ PARAM ] array (
)
[ info ] [ SESSION ] INIT array (
  'prefix' => 'admin',
  'type' => '',
  'auto_start' => true,
)
[ info ] [ DB ] INIT mysql
[ info ] [ BEHAVIOR ] Run behavior\admin\SystemBehavior @admin_visit [ RunTime:0.000020s ]
[ info ] [ RUN ] app\admin\controller\Index->Jnotice[ D:\phpStudy\PHPTutorial\WWW\2009_xicheng\application\admin\controller\Index.php ]
[ info ] [ CACHE ] INIT File
[ info ] [ LOG ] INIT File
---------------------------------------------------------------
[ 2020-11-12T11:29:12+08:00 ] 192.168.1.121 GET www.2009_xicheng.com/admin/stay.stay_room/index.html
[运行时间：2.149677s] [吞吐率：0.47req/s] [内存消耗：2,977.56kb] [文件加载：70]
[ info ] [ LANG ] D:\phpStudy\PHPTutorial\WWW\2009_xicheng\thinkphp/lang/zh-cn.php
[ info ] [ ROUTE ] array (
  'type' => 'module',
  'module' => 
  array (
    0 => 'admin',
    1 => 'stay.stay_room',
    2 => 'index',
  ),
)
[ info ] [ HEADER ] array (
  'cookie' => 'PHPSESSID=u38u69u08cdprum011v7ace9mn',
  'accept-language' => 'zh-CN,zh;q=0.9',
  'accept-encoding' => 'gzip, deflate',
  'referer' => 'http://www.2009_xicheng.com/admin/index/index.html',
  'accept' => 'text/html,application/xhtml+xml,application/xml;q=0.9,image/avif,image/webp,image/apng,*/*;q=0.8,application/signed-exchange;v=b3;q=0.9',
  'user-agent' => 'Mozilla/5.0 (Windows NT 10.0; WOW64) AppleWebKit/537.36 (KHTML, like Gecko) Chrome/86.0.4240.111 Safari/537.36',
  'upgrade-insecure-requests' => '1',
  'connection' => 'close',
  'host' => 'www.2009_xicheng.com',
)
[ info ] [ PARAM ] array (
)
[ info ] [ SESSION ] INIT array (
  'prefix' => 'admin',
  'type' => '',
  'auto_start' => true,
)
[ info ] [ DB ] INIT mysql
[ info ] [ BEHAVIOR ] Run behavior\admin\SystemBehavior @admin_visit [ RunTime:0.024394s ]
[ info ] [ RUN ] app\admin\controller\stay\StayRoom->index[ D:\phpStudy\PHPTutorial\WWW\2009_xicheng\application\admin\controller\stay\StayRoom.php ]
[ info ] [ VIEW ] D:\phpStudy\PHPTutorial\WWW\2009_xicheng/application/admin/view/stay/stay_room/index.php [ array (
  0 => '_admin',
  1 => 'type',
) ]
[ info ] [ LOG ] INIT File
---------------------------------------------------------------
[ 2020-11-12T11:29:15+08:00 ] 192.168.1.121 GET www.2009_xicheng.com/admin/stay.stay_room/room_list.html?page=1&limit=20
[运行时间：2.117531s] [吞吐率：0.47req/s] [内存消耗：2,789.77kb] [文件加载：68]
[ info ] [ LANG ] D:\phpStudy\PHPTutorial\WWW\2009_xicheng\thinkphp/lang/zh-cn.php
[ info ] [ ROUTE ] array (
  'type' => 'module',
  'module' => 
  array (
    0 => 'admin',
    1 => 'stay.stay_room',
    2 => 'room_list',
  ),
)
[ info ] [ HEADER ] array (
  'cookie' => 'PHPSESSID=u38u69u08cdprum011v7ace9mn',
  'accept-language' => 'zh-CN,zh;q=0.9',
  'accept-encoding' => 'gzip, deflate',
  'referer' => 'http://www.2009_xicheng.com/admin/stay.stay_room/index.html',
  'x-requested-with' => 'XMLHttpRequest',
  'user-agent' => 'Mozilla/5.0 (Windows NT 10.0; WOW64) AppleWebKit/537.36 (KHTML, like Gecko) Chrome/86.0.4240.111 Safari/537.36',
  'accept' => 'application/json, text/javascript, */*; q=0.01',
  'connection' => 'close',
  'host' => 'www.2009_xicheng.com',
)
[ info ] [ PARAM ] array (
  'page' => '1',
  'limit' => '20',
)
[ info ] [ SESSION ] INIT array (
  'prefix' => 'admin',
  'type' => '',
  'auto_start' => true,
)
[ info ] [ DB ] INIT mysql
[ info ] [ BEHAVIOR ] Run behavior\admin\SystemBehavior @admin_visit [ RunTime:0.008694s ]
[ info ] [ RUN ] app\admin\controller\stay\StayRoom->room_list[ D:\phpStudy\PHPTutorial\WWW\2009_xicheng\application\admin\controller\stay\StayRoom.php ]
[ info ] [ LOG ] INIT File
---------------------------------------------------------------
[ 2020-11-12T11:29:21+08:00 ] 192.168.1.121 GET www.2009_xicheng.com/admin/stay.stay_type/index.html
[运行时间：2.085706s] [吞吐率：0.48req/s] [内存消耗：2,874.26kb] [文件加载：69]
[ info ] [ LANG ] D:\phpStudy\PHPTutorial\WWW\2009_xicheng\thinkphp/lang/zh-cn.php
[ info ] [ ROUTE ] array (
  'type' => 'module',
  'module' => 
  array (
    0 => 'admin',
    1 => 'stay.stay_type',
    2 => 'index',
  ),
)
[ info ] [ HEADER ] array (
  'cookie' => 'PHPSESSID=u38u69u08cdprum011v7ace9mn',
  'accept-language' => 'zh-CN,zh;q=0.9',
  'accept-encoding' => 'gzip, deflate',
  'referer' => 'http://www.2009_xicheng.com/admin/index/index.html',
  'accept' => 'text/html,application/xhtml+xml,application/xml;q=0.9,image/avif,image/webp,image/apng,*/*;q=0.8,application/signed-exchange;v=b3;q=0.9',
  'user-agent' => 'Mozilla/5.0 (Windows NT 10.0; WOW64) AppleWebKit/537.36 (KHTML, like Gecko) Chrome/86.0.4240.111 Safari/537.36',
  'upgrade-insecure-requests' => '1',
  'connection' => 'close',
  'host' => 'www.2009_xicheng.com',
)
[ info ] [ PARAM ] array (
)
[ info ] [ SESSION ] INIT array (
  'prefix' => 'admin',
  'type' => '',
  'auto_start' => true,
)
[ info ] [ DB ] INIT mysql
[ info ] [ BEHAVIOR ] Run behavior\admin\SystemBehavior @admin_visit [ RunTime:0.008097s ]
[ info ] [ RUN ] app\admin\controller\stay\StayType->index[ D:\phpStudy\PHPTutorial\WWW\2009_xicheng\application\admin\controller\stay\StayType.php ]
[ info ] [ VIEW ] D:\phpStudy\PHPTutorial\WWW\2009_xicheng/application/admin/view/stay/stay_type/index.php [ array (
  0 => '_admin',
) ]
[ info ] [ LOG ] INIT File
---------------------------------------------------------------
[ 2020-11-12T11:29:23+08:00 ] 192.168.1.121 GET www.2009_xicheng.com/admin/stay.stay_type/type_list.html?page=1&limit=20
[运行时间：2.107475s] [吞吐率：0.47req/s] [内存消耗：2,733.00kb] [文件加载：68]
[ info ] [ LANG ] D:\phpStudy\PHPTutorial\WWW\2009_xicheng\thinkphp/lang/zh-cn.php
[ info ] [ ROUTE ] array (
  'type' => 'module',
  'module' => 
  array (
    0 => 'admin',
    1 => 'stay.stay_type',
    2 => 'type_list',
  ),
)
[ info ] [ HEADER ] array (
  'cookie' => 'PHPSESSID=u38u69u08cdprum011v7ace9mn',
  'accept-language' => 'zh-CN,zh;q=0.9',
  'accept-encoding' => 'gzip, deflate',
  'referer' => 'http://www.2009_xicheng.com/admin/stay.stay_type/index.html',
  'x-requested-with' => 'XMLHttpRequest',
  'user-agent' => 'Mozilla/5.0 (Windows NT 10.0; WOW64) AppleWebKit/537.36 (KHTML, like Gecko) Chrome/86.0.4240.111 Safari/537.36',
  'accept' => 'application/json, text/javascript, */*; q=0.01',
  'connection' => 'close',
  'host' => 'www.2009_xicheng.com',
)
[ info ] [ PARAM ] array (
  'page' => '1',
  'limit' => '20',
)
[ info ] [ SESSION ] INIT array (
  'prefix' => 'admin',
  'type' => '',
  'auto_start' => true,
)
[ info ] [ DB ] INIT mysql
[ info ] [ BEHAVIOR ] Run behavior\admin\SystemBehavior @admin_visit [ RunTime:0.008568s ]
[ info ] [ RUN ] app\admin\controller\stay\StayType->type_list[ D:\phpStudy\PHPTutorial\WWW\2009_xicheng\application\admin\controller\stay\StayType.php ]
[ info ] [ LOG ] INIT File
---------------------------------------------------------------
[ 2020-11-12T11:29:23+08:00 ] 192.168.1.121 GET www.2009_xicheng.com/public/uploads/editor/20200609/5edf35ad26dba.png
[运行时间：0.024832s] [吞吐率：40.27req/s] [内存消耗：1,300.38kb] [文件加载：40]
[ info ] [ LANG ] D:\phpStudy\PHPTutorial\WWW\2009_xicheng\thinkphp/lang/zh-cn.php
[ info ] [ ROUTE ] array (
  'type' => 'module',
  'module' => 
  array (
    0 => 'public',
    1 => 'uploads',
    2 => 'editor',
  ),
)
[ info ] [ HEADER ] array (
  'cookie' => 'PHPSESSID=u38u69u08cdprum011v7ace9mn',
  'accept-language' => 'zh-CN,zh;q=0.9',
  'accept-encoding' => 'gzip, deflate',
  'referer' => 'http://www.2009_xicheng.com/admin/stay.stay_type/index.html',
  'accept' => 'image/avif,image/webp,image/apng,image/*,*/*;q=0.8',
  'user-agent' => 'Mozilla/5.0 (Windows NT 10.0; WOW64) AppleWebKit/537.36 (KHTML, like Gecko) Chrome/86.0.4240.111 Safari/537.36',
  'connection' => 'close',
  'host' => 'www.2009_xicheng.com',
)
[ info ] [ PARAM ] array (
  0 => '5edf35ad26dba.png',
)
[ info ] [ LOG ] INIT File
---------------------------------------------------------------
[ 2020-11-12T11:29:23+08:00 ] 192.168.1.121 GET www.2009_xicheng.com/public/uploads/editor/20200608/5edda7a84f41e.png
[运行时间：0.019866s] [吞吐率：50.34req/s] [内存消耗：1,300.38kb] [文件加载：40]
[ info ] [ LANG ] D:\phpStudy\PHPTutorial\WWW\2009_xicheng\thinkphp/lang/zh-cn.php
[ info ] [ ROUTE ] array (
  'type' => 'module',
  'module' => 
  array (
    0 => 'public',
    1 => 'uploads',
    2 => 'editor',
  ),
)
[ info ] [ HEADER ] array (
  'cookie' => 'PHPSESSID=u38u69u08cdprum011v7ace9mn',
  'accept-language' => 'zh-CN,zh;q=0.9',
  'accept-encoding' => 'gzip, deflate',
  'referer' => 'http://www.2009_xicheng.com/admin/stay.stay_type/index.html',
  'accept' => 'image/avif,image/webp,image/apng,image/*,*/*;q=0.8',
  'user-agent' => 'Mozilla/5.0 (Windows NT 10.0; WOW64) AppleWebKit/537.36 (KHTML, like Gecko) Chrome/86.0.4240.111 Safari/537.36',
  'connection' => 'close',
  'host' => 'www.2009_xicheng.com',
)
[ info ] [ PARAM ] array (
  0 => '5edda7a84f41e.png',
)
[ info ] [ LOG ] INIT File
---------------------------------------------------------------
[ 2020-11-12T11:29:27+08:00 ] 192.168.1.121 GET www.2009_xicheng.com/admin/stay.stay_info/index.html
[运行时间：2.100426s] [吞吐率：0.48req/s] [内存消耗：2,948.48kb] [文件加载：70]
[ info ] [ LANG ] D:\phpStudy\PHPTutorial\WWW\2009_xicheng\thinkphp/lang/zh-cn.php
[ info ] [ ROUTE ] array (
  'type' => 'module',
  'module' => 
  array (
    0 => 'admin',
    1 => 'stay.stay_info',
    2 => 'index',
  ),
)
[ info ] [ HEADER ] array (
  'cookie' => 'PHPSESSID=u38u69u08cdprum011v7ace9mn',
  'accept-language' => 'zh-CN,zh;q=0.9',
  'accept-encoding' => 'gzip, deflate',
  'referer' => 'http://www.2009_xicheng.com/admin/index/index.html',
  'accept' => 'text/html,application/xhtml+xml,application/xml;q=0.9,image/avif,image/webp,image/apng,*/*;q=0.8,application/signed-exchange;v=b3;q=0.9',
  'user-agent' => 'Mozilla/5.0 (Windows NT 10.0; WOW64) AppleWebKit/537.36 (KHTML, like Gecko) Chrome/86.0.4240.111 Safari/537.36',
  'upgrade-insecure-requests' => '1',
  'connection' => 'close',
  'host' => 'www.2009_xicheng.com',
)
[ info ] [ PARAM ] array (
)
[ info ] [ SESSION ] INIT array (
  'prefix' => 'admin',
  'type' => '',
  'auto_start' => true,
)
[ info ] [ DB ] INIT mysql
[ info ] [ BEHAVIOR ] Run behavior\admin\SystemBehavior @admin_visit [ RunTime:0.008891s ]
[ info ] [ RUN ] app\admin\controller\stay\StayInfo->index[ D:\phpStudy\PHPTutorial\WWW\2009_xicheng\application\admin\controller\stay\StayInfo.php ]
[ info ] [ VIEW ] D:\phpStudy\PHPTutorial\WWW\2009_xicheng/application/admin/view/stay/stay_info/index.php [ array (
  0 => '_admin',
  1 => 'type',
  2 => 'number',
) ]
[ info ] [ LOG ] INIT File
---------------------------------------------------------------
[ 2020-11-12T11:29:29+08:00 ] 192.168.1.121 GET www.2009_xicheng.com/admin/stay.stay_info/info_list.html?page=1&limit=20
[运行时间：2.109499s] [吞吐率：0.47req/s] [内存消耗：2,766.65kb] [文件加载：68]
[ info ] [ LANG ] D:\phpStudy\PHPTutorial\WWW\2009_xicheng\thinkphp/lang/zh-cn.php
[ info ] [ ROUTE ] array (
  'type' => 'module',
  'module' => 
  array (
    0 => 'admin',
    1 => 'stay.stay_info',
    2 => 'info_list',
  ),
)
[ info ] [ HEADER ] array (
  'cookie' => 'PHPSESSID=u38u69u08cdprum011v7ace9mn',
  'accept-language' => 'zh-CN,zh;q=0.9',
  'accept-encoding' => 'gzip, deflate',
  'referer' => 'http://www.2009_xicheng.com/admin/stay.stay_info/index.html',
  'x-requested-with' => 'XMLHttpRequest',
  'user-agent' => 'Mozilla/5.0 (Windows NT 10.0; WOW64) AppleWebKit/537.36 (KHTML, like Gecko) Chrome/86.0.4240.111 Safari/537.36',
  'accept' => 'application/json, text/javascript, */*; q=0.01',
  'connection' => 'close',
  'host' => 'www.2009_xicheng.com',
)
[ info ] [ PARAM ] array (
  'page' => '1',
  'limit' => '20',
)
[ info ] [ SESSION ] INIT array (
  'prefix' => 'admin',
  'type' => '',
  'auto_start' => true,
)
[ info ] [ DB ] INIT mysql
[ info ] [ BEHAVIOR ] Run behavior\admin\SystemBehavior @admin_visit [ RunTime:0.008578s ]
[ info ] [ RUN ] app\admin\controller\stay\StayInfo->info_list[ D:\phpStudy\PHPTutorial\WWW\2009_xicheng\application\admin\controller\stay\StayInfo.php ]
[ info ] [ LOG ] INIT File
---------------------------------------------------------------
[ 2020-11-12T11:39:07+08:00 ] 192.168.1.121 GET www.2009_xicheng.com/admin/index/jnotice.html
[运行时间：2.159861s] [吞吐率：0.46req/s] [内存消耗：3,466.45kb] [文件加载：75]
[ info ] [ LANG ] D:\phpStudy\PHPTutorial\WWW\2009_xicheng\thinkphp/lang/zh-cn.php
[ info ] [ ROUTE ] array (
  'type' => 'module',
  'module' => 
  array (
    0 => 'admin',
    1 => 'index',
    2 => 'jnotice',
  ),
)
[ info ] [ HEADER ] array (
  'cookie' => 'PHPSESSID=u38u69u08cdprum011v7ace9mn',
  'accept-language' => 'zh-CN,zh;q=0.9',
  'accept-encoding' => 'gzip, deflate',
  'referer' => 'http://www.2009_xicheng.com/admin/index/index.html',
  'x-requested-with' => 'XMLHttpRequest',
  'user-agent' => 'Mozilla/5.0 (Windows NT 10.0; WOW64) AppleWebKit/537.36 (KHTML, like Gecko) Chrome/86.0.4240.111 Safari/537.36',
  'accept' => 'application/json, text/javascript, */*; q=0.01',
  'connection' => 'close',
  'host' => 'www.2009_xicheng.com',
)
[ info ] [ PARAM ] array (
)
[ info ] [ SESSION ] INIT array (
  'prefix' => 'admin',
  'type' => '',
  'auto_start' => true,
)
[ info ] [ DB ] INIT mysql
[ info ] [ BEHAVIOR ] Run behavior\admin\SystemBehavior @admin_visit [ RunTime:0.000030s ]
[ info ] [ RUN ] app\admin\controller\Index->Jnotice[ D:\phpStudy\PHPTutorial\WWW\2009_xicheng\application\admin\controller\Index.php ]
[ info ] [ CACHE ] INIT File
[ info ] [ LOG ] INIT File
---------------------------------------------------------------
[ 2020-11-12T11:49:07+08:00 ] 192.168.1.121 GET www.2009_xicheng.com/admin/index/jnotice.html
[运行时间：2.188409s] [吞吐率：0.46req/s] [内存消耗：3,466.45kb] [文件加载：75]
[ info ] [ LANG ] D:\phpStudy\PHPTutorial\WWW\2009_xicheng\thinkphp/lang/zh-cn.php
[ info ] [ ROUTE ] array (
  'type' => 'module',
  'module' => 
  array (
    0 => 'admin',
    1 => 'index',
    2 => 'jnotice',
  ),
)
[ info ] [ HEADER ] array (
  'cookie' => 'PHPSESSID=u38u69u08cdprum011v7ace9mn',
  'accept-language' => 'zh-CN,zh;q=0.9',
  'accept-encoding' => 'gzip, deflate',
  'referer' => 'http://www.2009_xicheng.com/admin/index/index.html',
  'x-requested-with' => 'XMLHttpRequest',
  'user-agent' => 'Mozilla/5.0 (Windows NT 10.0; WOW64) AppleWebKit/537.36 (KHTML, like Gecko) Chrome/86.0.4240.111 Safari/537.36',
  'accept' => 'application/json, text/javascript, */*; q=0.01',
  'connection' => 'close',
  'host' => 'www.2009_xicheng.com',
)
[ info ] [ PARAM ] array (
)
[ info ] [ SESSION ] INIT array (
  'prefix' => 'admin',
  'type' => '',
  'auto_start' => true,
)
[ info ] [ DB ] INIT mysql
[ info ] [ BEHAVIOR ] Run behavior\admin\SystemBehavior @admin_visit [ RunTime:0.000019s ]
[ info ] [ RUN ] app\admin\controller\Index->Jnotice[ D:\phpStudy\PHPTutorial\WWW\2009_xicheng\application\admin\controller\Index.php ]
[ info ] [ CACHE ] INIT File
[ info ] [ LOG ] INIT File
---------------------------------------------------------------
[ 2020-11-12T11:59:07+08:00 ] 192.168.1.121 GET www.2009_xicheng.com/admin/index/jnotice.html
[运行时间：2.167255s] [吞吐率：0.46req/s] [内存消耗：3,466.45kb] [文件加载：75]
[ info ] [ LANG ] D:\phpStudy\PHPTutorial\WWW\2009_xicheng\thinkphp/lang/zh-cn.php
[ info ] [ ROUTE ] array (
  'type' => 'module',
  'module' => 
  array (
    0 => 'admin',
    1 => 'index',
    2 => 'jnotice',
  ),
)
[ info ] [ HEADER ] array (
  'cookie' => 'PHPSESSID=u38u69u08cdprum011v7ace9mn',
  'accept-language' => 'zh-CN,zh;q=0.9',
  'accept-encoding' => 'gzip, deflate',
  'referer' => 'http://www.2009_xicheng.com/admin/index/index.html',
  'x-requested-with' => 'XMLHttpRequest',
  'user-agent' => 'Mozilla/5.0 (Windows NT 10.0; WOW64) AppleWebKit/537.36 (KHTML, like Gecko) Chrome/86.0.4240.111 Safari/537.36',
  'accept' => 'application/json, text/javascript, */*; q=0.01',
  'connection' => 'close',
  'host' => 'www.2009_xicheng.com',
)
[ info ] [ PARAM ] array (
)
[ info ] [ SESSION ] INIT array (
  'prefix' => 'admin',
  'type' => '',
  'auto_start' => true,
)
[ info ] [ DB ] INIT mysql
[ info ] [ BEHAVIOR ] Run behavior\admin\SystemBehavior @admin_visit [ RunTime:0.000022s ]
[ info ] [ RUN ] app\admin\controller\Index->Jnotice[ D:\phpStudy\PHPTutorial\WWW\2009_xicheng\application\admin\controller\Index.php ]
[ info ] [ CACHE ] INIT File
[ info ] [ LOG ] INIT File
---------------------------------------------------------------
[ 2020-11-12T12:09:07+08:00 ] 192.168.1.121 GET www.2009_xicheng.com/admin/index/jnotice.html
[运行时间：2.129188s] [吞吐率：0.47req/s] [内存消耗：3,466.45kb] [文件加载：75]
[ info ] [ LANG ] D:\phpStudy\PHPTutorial\WWW\2009_xicheng\thinkphp/lang/zh-cn.php
[ info ] [ ROUTE ] array (
  'type' => 'module',
  'module' => 
  array (
    0 => 'admin',
    1 => 'index',
    2 => 'jnotice',
  ),
)
[ info ] [ HEADER ] array (
  'cookie' => 'PHPSESSID=u38u69u08cdprum011v7ace9mn',
  'accept-language' => 'zh-CN,zh;q=0.9',
  'accept-encoding' => 'gzip, deflate',
  'referer' => 'http://www.2009_xicheng.com/admin/index/index.html',
  'x-requested-with' => 'XMLHttpRequest',
  'user-agent' => 'Mozilla/5.0 (Windows NT 10.0; WOW64) AppleWebKit/537.36 (KHTML, like Gecko) Chrome/86.0.4240.111 Safari/537.36',
  'accept' => 'application/json, text/javascript, */*; q=0.01',
  'connection' => 'close',
  'host' => 'www.2009_xicheng.com',
)
[ info ] [ PARAM ] array (
)
[ info ] [ SESSION ] INIT array (
  'prefix' => 'admin',
  'type' => '',
  'auto_start' => true,
)
[ info ] [ DB ] INIT mysql
[ info ] [ BEHAVIOR ] Run behavior\admin\SystemBehavior @admin_visit [ RunTime:0.000015s ]
[ info ] [ RUN ] app\admin\controller\Index->Jnotice[ D:\phpStudy\PHPTutorial\WWW\2009_xicheng\application\admin\controller\Index.php ]
[ info ] [ CACHE ] INIT File
[ info ] [ LOG ] INIT File
---------------------------------------------------------------
[ 2020-11-12T12:19:07+08:00 ] 192.168.1.121 GET www.2009_xicheng.com/admin/index/jnotice.html
[运行时间：2.168572s] [吞吐率：0.46req/s] [内存消耗：3,466.45kb] [文件加载：75]
[ info ] [ LANG ] D:\phpStudy\PHPTutorial\WWW\2009_xicheng\thinkphp/lang/zh-cn.php
[ info ] [ ROUTE ] array (
  'type' => 'module',
  'module' => 
  array (
    0 => 'admin',
    1 => 'index',
    2 => 'jnotice',
  ),
)
[ info ] [ HEADER ] array (
  'cookie' => 'PHPSESSID=u38u69u08cdprum011v7ace9mn',
  'accept-language' => 'zh-CN,zh;q=0.9',
  'accept-encoding' => 'gzip, deflate',
  'referer' => 'http://www.2009_xicheng.com/admin/index/index.html',
  'x-requested-with' => 'XMLHttpRequest',
  'user-agent' => 'Mozilla/5.0 (Windows NT 10.0; WOW64) AppleWebKit/537.36 (KHTML, like Gecko) Chrome/86.0.4240.111 Safari/537.36',
  'accept' => 'application/json, text/javascript, */*; q=0.01',
  'connection' => 'close',
  'host' => 'www.2009_xicheng.com',
)
[ info ] [ PARAM ] array (
)
[ info ] [ SESSION ] INIT array (
  'prefix' => 'admin',
  'type' => '',
  'auto_start' => true,
)
[ info ] [ DB ] INIT mysql
[ info ] [ BEHAVIOR ] Run behavior\admin\SystemBehavior @admin_visit [ RunTime:0.000016s ]
[ info ] [ RUN ] app\admin\controller\Index->Jnotice[ D:\phpStudy\PHPTutorial\WWW\2009_xicheng\application\admin\controller\Index.php ]
[ info ] [ CACHE ] INIT File
[ info ] [ LOG ] INIT File
---------------------------------------------------------------
[ 2020-11-12T12:29:07+08:00 ] 192.168.1.121 GET www.2009_xicheng.com/admin/index/jnotice.html
[运行时间：2.184642s] [吞吐率：0.46req/s] [内存消耗：3,466.45kb] [文件加载：75]
[ info ] [ LANG ] D:\phpStudy\PHPTutorial\WWW\2009_xicheng\thinkphp/lang/zh-cn.php
[ info ] [ ROUTE ] array (
  'type' => 'module',
  'module' => 
  array (
    0 => 'admin',
    1 => 'index',
    2 => 'jnotice',
  ),
)
[ info ] [ HEADER ] array (
  'cookie' => 'PHPSESSID=u38u69u08cdprum011v7ace9mn',
  'accept-language' => 'zh-CN,zh;q=0.9',
  'accept-encoding' => 'gzip, deflate',
  'referer' => 'http://www.2009_xicheng.com/admin/index/index.html',
  'x-requested-with' => 'XMLHttpRequest',
  'user-agent' => 'Mozilla/5.0 (Windows NT 10.0; WOW64) AppleWebKit/537.36 (KHTML, like Gecko) Chrome/86.0.4240.111 Safari/537.36',
  'accept' => 'application/json, text/javascript, */*; q=0.01',
  'connection' => 'close',
  'host' => 'www.2009_xicheng.com',
)
[ info ] [ PARAM ] array (
)
[ info ] [ SESSION ] INIT array (
  'prefix' => 'admin',
  'type' => '',
  'auto_start' => true,
)
[ info ] [ DB ] INIT mysql
[ info ] [ BEHAVIOR ] Run behavior\admin\SystemBehavior @admin_visit [ RunTime:0.000021s ]
[ info ] [ RUN ] app\admin\controller\Index->Jnotice[ D:\phpStudy\PHPTutorial\WWW\2009_xicheng\application\admin\controller\Index.php ]
[ info ] [ CACHE ] INIT File
[ info ] [ LOG ] INIT File
---------------------------------------------------------------
[ 2020-11-12T12:39:07+08:00 ] 192.168.1.121 GET www.2009_xicheng.com/admin/index/jnotice.html
[运行时间：2.164965s] [吞吐率：0.46req/s] [内存消耗：3,466.45kb] [文件加载：75]
[ info ] [ LANG ] D:\phpStudy\PHPTutorial\WWW\2009_xicheng\thinkphp/lang/zh-cn.php
[ info ] [ ROUTE ] array (
  'type' => 'module',
  'module' => 
  array (
    0 => 'admin',
    1 => 'index',
    2 => 'jnotice',
  ),
)
[ info ] [ HEADER ] array (
  'cookie' => 'PHPSESSID=u38u69u08cdprum011v7ace9mn',
  'accept-language' => 'zh-CN,zh;q=0.9',
  'accept-encoding' => 'gzip, deflate',
  'referer' => 'http://www.2009_xicheng.com/admin/index/index.html',
  'x-requested-with' => 'XMLHttpRequest',
  'user-agent' => 'Mozilla/5.0 (Windows NT 10.0; WOW64) AppleWebKit/537.36 (KHTML, like Gecko) Chrome/86.0.4240.111 Safari/537.36',
  'accept' => 'application/json, text/javascript, */*; q=0.01',
  'connection' => 'close',
  'host' => 'www.2009_xicheng.com',
)
[ info ] [ PARAM ] array (
)
[ info ] [ SESSION ] INIT array (
  'prefix' => 'admin',
  'type' => '',
  'auto_start' => true,
)
[ info ] [ DB ] INIT mysql
[ info ] [ BEHAVIOR ] Run behavior\admin\SystemBehavior @admin_visit [ RunTime:0.000016s ]
[ info ] [ RUN ] app\admin\controller\Index->Jnotice[ D:\phpStudy\PHPTutorial\WWW\2009_xicheng\application\admin\controller\Index.php ]
[ info ] [ CACHE ] INIT File
[ info ] [ LOG ] INIT File
---------------------------------------------------------------
[ 2020-11-12T12:49:07+08:00 ] 192.168.1.121 GET www.2009_xicheng.com/admin/index/jnotice.html
[运行时间：2.158046s] [吞吐率：0.46req/s] [内存消耗：3,466.45kb] [文件加载：75]
[ info ] [ LANG ] D:\phpStudy\PHPTutorial\WWW\2009_xicheng\thinkphp/lang/zh-cn.php
[ info ] [ ROUTE ] array (
  'type' => 'module',
  'module' => 
  array (
    0 => 'admin',
    1 => 'index',
    2 => 'jnotice',
  ),
)
[ info ] [ HEADER ] array (
  'cookie' => 'PHPSESSID=u38u69u08cdprum011v7ace9mn',
  'accept-language' => 'zh-CN,zh;q=0.9',
  'accept-encoding' => 'gzip, deflate',
  'referer' => 'http://www.2009_xicheng.com/admin/index/index.html',
  'x-requested-with' => 'XMLHttpRequest',
  'user-agent' => 'Mozilla/5.0 (Windows NT 10.0; WOW64) AppleWebKit/537.36 (KHTML, like Gecko) Chrome/86.0.4240.111 Safari/537.36',
  'accept' => 'application/json, text/javascript, */*; q=0.01',
  'connection' => 'close',
  'host' => 'www.2009_xicheng.com',
)
[ info ] [ PARAM ] array (
)
[ info ] [ SESSION ] INIT array (
  'prefix' => 'admin',
  'type' => '',
  'auto_start' => true,
)
[ info ] [ DB ] INIT mysql
[ info ] [ BEHAVIOR ] Run behavior\admin\SystemBehavior @admin_visit [ RunTime:0.000016s ]
[ info ] [ RUN ] app\admin\controller\Index->Jnotice[ D:\phpStudy\PHPTutorial\WWW\2009_xicheng\application\admin\controller\Index.php ]
[ info ] [ CACHE ] INIT File
[ info ] [ LOG ] INIT File
---------------------------------------------------------------
[ 2020-11-12T12:59:07+08:00 ] 192.168.1.121 GET www.2009_xicheng.com/admin/index/jnotice.html
[运行时间：2.155526s] [吞吐率：0.46req/s] [内存消耗：3,466.45kb] [文件加载：75]
[ info ] [ LANG ] D:\phpStudy\PHPTutorial\WWW\2009_xicheng\thinkphp/lang/zh-cn.php
[ info ] [ ROUTE ] array (
  'type' => 'module',
  'module' => 
  array (
    0 => 'admin',
    1 => 'index',
    2 => 'jnotice',
  ),
)
[ info ] [ HEADER ] array (
  'cookie' => 'PHPSESSID=u38u69u08cdprum011v7ace9mn',
  'accept-language' => 'zh-CN,zh;q=0.9',
  'accept-encoding' => 'gzip, deflate',
  'referer' => 'http://www.2009_xicheng.com/admin/index/index.html',
  'x-requested-with' => 'XMLHttpRequest',
  'user-agent' => 'Mozilla/5.0 (Windows NT 10.0; WOW64) AppleWebKit/537.36 (KHTML, like Gecko) Chrome/86.0.4240.111 Safari/537.36',
  'accept' => 'application/json, text/javascript, */*; q=0.01',
  'connection' => 'close',
  'host' => 'www.2009_xicheng.com',
)
[ info ] [ PARAM ] array (
)
[ info ] [ SESSION ] INIT array (
  'prefix' => 'admin',
  'type' => '',
  'auto_start' => true,
)
[ info ] [ DB ] INIT mysql
[ info ] [ BEHAVIOR ] Run behavior\admin\SystemBehavior @admin_visit [ RunTime:0.000018s ]
[ info ] [ RUN ] app\admin\controller\Index->Jnotice[ D:\phpStudy\PHPTutorial\WWW\2009_xicheng\application\admin\controller\Index.php ]
[ info ] [ CACHE ] INIT File
[ info ] [ LOG ] INIT File
---------------------------------------------------------------
[ 2020-11-12T13:09:07+08:00 ] 192.168.1.121 GET www.2009_xicheng.com/admin/index/jnotice.html
[运行时间：2.158441s] [吞吐率：0.46req/s] [内存消耗：3,466.45kb] [文件加载：75]
[ info ] [ LANG ] D:\phpStudy\PHPTutorial\WWW\2009_xicheng\thinkphp/lang/zh-cn.php
[ info ] [ ROUTE ] array (
  'type' => 'module',
  'module' => 
  array (
    0 => 'admin',
    1 => 'index',
    2 => 'jnotice',
  ),
)
[ info ] [ HEADER ] array (
  'cookie' => 'PHPSESSID=u38u69u08cdprum011v7ace9mn',
  'accept-language' => 'zh-CN,zh;q=0.9',
  'accept-encoding' => 'gzip, deflate',
  'referer' => 'http://www.2009_xicheng.com/admin/index/index.html',
  'x-requested-with' => 'XMLHttpRequest',
  'user-agent' => 'Mozilla/5.0 (Windows NT 10.0; WOW64) AppleWebKit/537.36 (KHTML, like Gecko) Chrome/86.0.4240.111 Safari/537.36',
  'accept' => 'application/json, text/javascript, */*; q=0.01',
  'connection' => 'close',
  'host' => 'www.2009_xicheng.com',
)
[ info ] [ PARAM ] array (
)
[ info ] [ SESSION ] INIT array (
  'prefix' => 'admin',
  'type' => '',
  'auto_start' => true,
)
[ info ] [ DB ] INIT mysql
[ info ] [ BEHAVIOR ] Run behavior\admin\SystemBehavior @admin_visit [ RunTime:0.000016s ]
[ info ] [ RUN ] app\admin\controller\Index->Jnotice[ D:\phpStudy\PHPTutorial\WWW\2009_xicheng\application\admin\controller\Index.php ]
[ info ] [ CACHE ] INIT File
[ info ] [ LOG ] INIT File
---------------------------------------------------------------
[ 2020-11-12T13:19:07+08:00 ] 192.168.1.121 GET www.2009_xicheng.com/admin/index/jnotice.html
[运行时间：2.157520s] [吞吐率：0.46req/s] [内存消耗：3,466.45kb] [文件加载：75]
[ info ] [ LANG ] D:\phpStudy\PHPTutorial\WWW\2009_xicheng\thinkphp/lang/zh-cn.php
[ info ] [ ROUTE ] array (
  'type' => 'module',
  'module' => 
  array (
    0 => 'admin',
    1 => 'index',
    2 => 'jnotice',
  ),
)
[ info ] [ HEADER ] array (
  'cookie' => 'PHPSESSID=u38u69u08cdprum011v7ace9mn',
  'accept-language' => 'zh-CN,zh;q=0.9',
  'accept-encoding' => 'gzip, deflate',
  'referer' => 'http://www.2009_xicheng.com/admin/index/index.html',
  'x-requested-with' => 'XMLHttpRequest',
  'user-agent' => 'Mozilla/5.0 (Windows NT 10.0; WOW64) AppleWebKit/537.36 (KHTML, like Gecko) Chrome/86.0.4240.111 Safari/537.36',
  'accept' => 'application/json, text/javascript, */*; q=0.01',
  'connection' => 'close',
  'host' => 'www.2009_xicheng.com',
)
[ info ] [ PARAM ] array (
)
[ info ] [ SESSION ] INIT array (
  'prefix' => 'admin',
  'type' => '',
  'auto_start' => true,
)
[ info ] [ DB ] INIT mysql
[ info ] [ BEHAVIOR ] Run behavior\admin\SystemBehavior @admin_visit [ RunTime:0.000016s ]
[ info ] [ RUN ] app\admin\controller\Index->Jnotice[ D:\phpStudy\PHPTutorial\WWW\2009_xicheng\application\admin\controller\Index.php ]
[ info ] [ CACHE ] INIT File
[ info ] [ LOG ] INIT File
---------------------------------------------------------------
[ 2020-11-12T13:29:07+08:00 ] 192.168.1.121 GET www.2009_xicheng.com/admin/index/jnotice.html
[运行时间：2.160578s] [吞吐率：0.46req/s] [内存消耗：3,466.45kb] [文件加载：75]
[ info ] [ LANG ] D:\phpStudy\PHPTutorial\WWW\2009_xicheng\thinkphp/lang/zh-cn.php
[ info ] [ ROUTE ] array (
  'type' => 'module',
  'module' => 
  array (
    0 => 'admin',
    1 => 'index',
    2 => 'jnotice',
  ),
)
[ info ] [ HEADER ] array (
  'cookie' => 'PHPSESSID=u38u69u08cdprum011v7ace9mn',
  'accept-language' => 'zh-CN,zh;q=0.9',
  'accept-encoding' => 'gzip, deflate',
  'referer' => 'http://www.2009_xicheng.com/admin/index/index.html',
  'x-requested-with' => 'XMLHttpRequest',
  'user-agent' => 'Mozilla/5.0 (Windows NT 10.0; WOW64) AppleWebKit/537.36 (KHTML, like Gecko) Chrome/86.0.4240.111 Safari/537.36',
  'accept' => 'application/json, text/javascript, */*; q=0.01',
  'connection' => 'close',
  'host' => 'www.2009_xicheng.com',
)
[ info ] [ PARAM ] array (
)
[ info ] [ SESSION ] INIT array (
  'prefix' => 'admin',
  'type' => '',
  'auto_start' => true,
)
[ info ] [ DB ] INIT mysql
[ info ] [ BEHAVIOR ] Run behavior\admin\SystemBehavior @admin_visit [ RunTime:0.000015s ]
[ info ] [ RUN ] app\admin\controller\Index->Jnotice[ D:\phpStudy\PHPTutorial\WWW\2009_xicheng\application\admin\controller\Index.php ]
[ info ] [ CACHE ] INIT File
[ info ] [ LOG ] INIT File
---------------------------------------------------------------
[ 2020-11-12T13:39:07+08:00 ] 192.168.1.121 GET www.2009_xicheng.com/admin/index/jnotice.html
[运行时间：2.160378s] [吞吐率：0.46req/s] [内存消耗：3,466.45kb] [文件加载：75]
[ info ] [ LANG ] D:\phpStudy\PHPTutorial\WWW\2009_xicheng\thinkphp/lang/zh-cn.php
[ info ] [ ROUTE ] array (
  'type' => 'module',
  'module' => 
  array (
    0 => 'admin',
    1 => 'index',
    2 => 'jnotice',
  ),
)
[ info ] [ HEADER ] array (
  'cookie' => 'PHPSESSID=u38u69u08cdprum011v7ace9mn',
  'accept-language' => 'zh-CN,zh;q=0.9',
  'accept-encoding' => 'gzip, deflate',
  'referer' => 'http://www.2009_xicheng.com/admin/index/index.html',
  'x-requested-with' => 'XMLHttpRequest',
  'user-agent' => 'Mozilla/5.0 (Windows NT 10.0; WOW64) AppleWebKit/537.36 (KHTML, like Gecko) Chrome/86.0.4240.111 Safari/537.36',
  'accept' => 'application/json, text/javascript, */*; q=0.01',
  'connection' => 'close',
  'host' => 'www.2009_xicheng.com',
)
[ info ] [ PARAM ] array (
)
[ info ] [ SESSION ] INIT array (
  'prefix' => 'admin',
  'type' => '',
  'auto_start' => true,
)
[ info ] [ DB ] INIT mysql
[ info ] [ BEHAVIOR ] Run behavior\admin\SystemBehavior @admin_visit [ RunTime:0.000024s ]
[ info ] [ RUN ] app\admin\controller\Index->Jnotice[ D:\phpStudy\PHPTutorial\WWW\2009_xicheng\application\admin\controller\Index.php ]
[ info ] [ CACHE ] INIT File
[ info ] [ LOG ] INIT File
---------------------------------------------------------------
[ 2020-11-12T13:49:07+08:00 ] 192.168.1.121 GET www.2009_xicheng.com/admin/index/jnotice.html
[运行时间：2.179131s] [吞吐率：0.46req/s] [内存消耗：3,466.45kb] [文件加载：75]
[ info ] [ LANG ] D:\phpStudy\PHPTutorial\WWW\2009_xicheng\thinkphp/lang/zh-cn.php
[ info ] [ ROUTE ] array (
  'type' => 'module',
  'module' => 
  array (
    0 => 'admin',
    1 => 'index',
    2 => 'jnotice',
  ),
)
[ info ] [ HEADER ] array (
  'cookie' => 'PHPSESSID=u38u69u08cdprum011v7ace9mn',
  'accept-language' => 'zh-CN,zh;q=0.9',
  'accept-encoding' => 'gzip, deflate',
  'referer' => 'http://www.2009_xicheng.com/admin/index/index.html',
  'x-requested-with' => 'XMLHttpRequest',
  'user-agent' => 'Mozilla/5.0 (Windows NT 10.0; WOW64) AppleWebKit/537.36 (KHTML, like Gecko) Chrome/86.0.4240.111 Safari/537.36',
  'accept' => 'application/json, text/javascript, */*; q=0.01',
  'connection' => 'close',
  'host' => 'www.2009_xicheng.com',
)
[ info ] [ PARAM ] array (
)
[ info ] [ SESSION ] INIT array (
  'prefix' => 'admin',
  'type' => '',
  'auto_start' => true,
)
[ info ] [ DB ] INIT mysql
[ info ] [ BEHAVIOR ] Run behavior\admin\SystemBehavior @admin_visit [ RunTime:0.000014s ]
[ info ] [ RUN ] app\admin\controller\Index->Jnotice[ D:\phpStudy\PHPTutorial\WWW\2009_xicheng\application\admin\controller\Index.php ]
[ info ] [ CACHE ] INIT File
[ info ] [ LOG ] INIT File
---------------------------------------------------------------
[ 2020-11-12T13:59:07+08:00 ] 192.168.1.121 GET www.2009_xicheng.com/admin/index/jnotice.html
[运行时间：2.160487s] [吞吐率：0.46req/s] [内存消耗：3,466.45kb] [文件加载：75]
[ info ] [ LANG ] D:\phpStudy\PHPTutorial\WWW\2009_xicheng\thinkphp/lang/zh-cn.php
[ info ] [ ROUTE ] array (
  'type' => 'module',
  'module' => 
  array (
    0 => 'admin',
    1 => 'index',
    2 => 'jnotice',
  ),
)
[ info ] [ HEADER ] array (
  'cookie' => 'PHPSESSID=u38u69u08cdprum011v7ace9mn',
  'accept-language' => 'zh-CN,zh;q=0.9',
  'accept-encoding' => 'gzip, deflate',
  'referer' => 'http://www.2009_xicheng.com/admin/index/index.html',
  'x-requested-with' => 'XMLHttpRequest',
  'user-agent' => 'Mozilla/5.0 (Windows NT 10.0; WOW64) AppleWebKit/537.36 (KHTML, like Gecko) Chrome/86.0.4240.111 Safari/537.36',
  'accept' => 'application/json, text/javascript, */*; q=0.01',
  'connection' => 'close',
  'host' => 'www.2009_xicheng.com',
)
[ info ] [ PARAM ] array (
)
[ info ] [ SESSION ] INIT array (
  'prefix' => 'admin',
  'type' => '',
  'auto_start' => true,
)
[ info ] [ DB ] INIT mysql
[ info ] [ BEHAVIOR ] Run behavior\admin\SystemBehavior @admin_visit [ RunTime:0.000015s ]
[ info ] [ RUN ] app\admin\controller\Index->Jnotice[ D:\phpStudy\PHPTutorial\WWW\2009_xicheng\application\admin\controller\Index.php ]
[ info ] [ CACHE ] INIT File
[ info ] [ LOG ] INIT File
